[ 2017-06-06T04:05:37+08:00 ] 183.57.53.177 /qishi/upload/undefined
INFO: Cron:ClearPromotion Runat 2017-06-06 04:05:37 Use 0.073985 s 
Cron:AutoApplyJobs Runat 2017-06-06 04:05:37 Use -0.000108 s 
Cron:AutoRefreshResume Runat 2017-06-06 04:05:37 Use -0.005316 s 
Cron:AutoRefreshJobs Runat 2017-06-06 04:05:37 Use -0.006376 s 
Cron:ClearExpiredSetmeal Runat 2017-06-06 04:05:37 Use -0.007122 s 
Cron:ClearOrder Runat 2017-06-06 04:05:37 Use -0.008535 s 

[ 2017-06-06T12:14:58+08:00 ] 101.226.102.70 /qishi/upload/
INFO: Cron:ClearPromotion Runat 2017-06-06 12:14:58 Use 0.121902 s 
Cron:AutoRefreshResume Runat 2017-06-06 12:14:58 Use -0.000071 s 
Cron:AutoRefreshJobs Runat 2017-06-06 12:14:58 Use -0.002867 s 
Cron:ClearExpiredSetmeal Runat 2017-06-06 12:14:58 Use -0.004998 s 

[ 2017-06-06T14:40:31+08:00 ] 183.214.84.2 /qishi/upload/admin.php
INFO: Cron:ClearPromotion Runat 2017-06-06 14:40:31 Use 0.031036 s 
Cron:AutoRefreshResume Runat 2017-06-06 14:40:31 Use -0.000065 s 
Cron:AutoRefreshJobs Runat 2017-06-06 14:40:31 Use -0.001015 s 
Cron:ClearExpiredSetmeal Runat 2017-06-06 14:40:31 Use -0.001597 s 

[ 2017-06-06T15:01:00+08:00 ] 183.214.84.2 /qishi/upload/index.php?m=admin&c=index&a=left_menu&menuid=1
INFO: Cron:ClearPromotion Runat 2017-06-06 15:01:00 Use 0.075543 s 
Cron:ClearExpiredSetmeal Runat 2017-06-06 15:01:00 Use -0.003412 s 

[ 2017-06-06T15:01:00+08:00 ] 183.214.84.2 /qishi/upload/index.php?m=admin&c=config&a=index&menuid=1&child=1
INFO: Cron:ClearPromotion Runat 2017-06-06 15:01:00 Use 0.106142 s 
Cron:ClearExpiredSetmeal Runat 2017-06-06 15:01:00 Use -0.003317 s 

[ 2017-06-06T15:20:04+08:00 ] ::1 /qishi/
INFO: Cron:AutoRefreshResume Runat 2017-06-06 15:20:04 Use 0.065004 s 
Cron:AutoRefreshJobs Runat 2017-06-06 15:20:04 Use -0.009000 s 

[ 2017-06-06T16:01:55+08:00 ] ::1 /qishi/index.php?m=&c=jobs&a=index
INFO: Cron:ClearPromotion Runat 2017-06-06 16:01:55 Use 0.305017 s 
Cron:ClearExpiredSetmeal Runat 2017-06-06 16:01:55 Use -0.081005 s 

[ 2017-06-06T16:23:32+08:00 ] ::1 /qishi/
INFO: Cron:AutoRefreshResume Runat 2017-06-06 16:23:32 Use 0.047003 s 
Cron:AutoRefreshJobs Runat 2017-06-06 16:23:32 Use 0.000000 s 

