[ 2017-06-12T09:34:38+08:00 ] ::1 /qishi/
INFO: Cron:ClearPromotion Runat 2017-06-12 09:34:38 Use 0.185010 s 
Cron:JobSubscribe Runat 2017-06-12 09:34:38 Use -0.011001 s 
Cron:AutoApplyJobs Runat 2017-06-12 09:34:38 Use -0.064004 s 
Cron:AutoRefreshResume Runat 2017-06-12 09:34:38 Use -0.124008 s 
Cron:AutoRefreshJobs Runat 2017-06-12 09:34:38 Use -0.163010 s 
Cron:ClearExpiredSetmeal Runat 2017-06-12 09:34:38 Use -0.165010 s 
Cron:ClearOrder Runat 2017-06-12 09:34:38 Use -0.223013 s 

[ 2017-06-12T10:02:09+08:00 ] ::1 /qishi/index.php?m=&c=members&a=register&utype=2
INFO: Cron:ClearPromotion Runat 2017-06-12 10:02:09 Use 0.127007 s 
Cron:ClearExpiredSetmeal Runat 2017-06-12 10:02:09 Use -0.018001 s 

[ 2017-06-12T10:10:00+08:00 ] ::1 /qishi/index.php?m=Home&c=Members&a=register
INFO: Cron:AutoRefreshResume Runat 2017-06-12 10:10:00 Use 0.044002 s 
Cron:AutoRefreshJobs Runat 2017-06-12 10:10:00 Use 0.000000 s 

[ 2017-06-12T11:04:32+08:00 ] ::1 /qishi/index.php?m=&c=jobs&a=com_show&id=1&style=default
INFO: Cron:ClearPromotion Runat 2017-06-12 11:04:32 Use 0.123007 s 
Cron:ClearExpiredSetmeal Runat 2017-06-12 11:04:32 Use 0.000000 s 

[ 2017-06-12T11:10:00+08:00 ] ::1 /qishi/index.php?m=&c=personal&a=jobs_interview
INFO: Cron:AutoRefreshResume Runat 2017-06-12 11:10:00 Use 0.078005 s 
Cron:AutoRefreshJobs Runat 2017-06-12 11:10:00 Use 0.000000 s 

[ 2017-06-12T12:09:16+08:00 ] 192.168.102.199 /qishi/index.php?m=Mobile&c=members&a=login
INFO: Cron:ClearPromotion Runat 2017-06-12 12:09:16 Use 0.070004 s 
Cron:ClearExpiredSetmeal Runat 2017-06-12 12:09:16 Use 0.000000 s 

[ 2017-06-12T12:12:15+08:00 ] 192.168.102.130 /qishi/index.php?m=Mobile&c=AjaxCompany&a=resume_favor&rid=1
INFO: Cron:AutoRefreshResume Runat 2017-06-12 12:12:15 Use 0.021001 s 
Cron:AutoRefreshJobs Runat 2017-06-12 12:12:15 Use 0.000000 s 

[ 2017-06-12T13:37:58+08:00 ] 192.168.102.130 /qishi/index.php?m=Mobile&c=members&a=login
INFO: Cron:ClearPromotion Runat 2017-06-12 13:37:58 Use 0.032002 s 
Cron:AutoRefreshResume Runat 2017-06-12 13:37:58 Use 0.000000 s 
Cron:AutoRefreshJobs Runat 2017-06-12 13:37:58 Use -0.010001 s 
Cron:ClearExpiredSetmeal Runat 2017-06-12 13:37:58 Use -0.012001 s 

[ 2017-06-12T14:11:06+08:00 ] ::1 /qishi/
INFO: Cron:ClearPromotion Runat 2017-06-12 14:11:06 Use 0.050002 s 
Cron:AutoRefreshResume Runat 2017-06-12 14:11:06 Use 0.000000 s 
Cron:AutoRefreshJobs Runat 2017-06-12 14:11:06 Use -0.007001 s 
Cron:ClearExpiredSetmeal Runat 2017-06-12 14:11:06 Use -0.009001 s 

[ 2017-06-12T15:20:15+08:00 ] ::1 /qishi/
INFO: Cron:ClearPromotion Runat 2017-06-12 15:20:15 Use 0.050003 s 
Cron:AutoRefreshResume Runat 2017-06-12 15:20:15 Use 0.000000 s 
Cron:AutoRefreshJobs Runat 2017-06-12 15:20:15 Use -0.007000 s 
Cron:ClearExpiredSetmeal Runat 2017-06-12 15:20:15 Use -0.009000 s 

[ 2017-06-12T16:02:50+08:00 ] ::1 /qishi/
INFO: Cron:ClearPromotion Runat 2017-06-12 16:02:50 Use 0.038002 s 
Cron:ClearExpiredSetmeal Runat 2017-06-12 16:02:50 Use -0.001000 s 

[ 2017-06-12T16:11:24+08:00 ] ::1 /qishi/index.php?m=&c=Members&a=facebookLogin
INFO: Cron:AutoRefreshResume Runat 2017-06-12 16:11:24 Use 0.027001 s 
Cron:AutoRefreshJobs Runat 2017-06-12 16:11:24 Use 0.000000 s 

[ 2017-06-12T17:07:32+08:00 ] ::1 /qishi/index.php?m=&c=Members&a=test
INFO: Cron:ClearPromotion Runat 2017-06-12 17:07:32 Use 0.056003 s 
Cron:ClearExpiredSetmeal Runat 2017-06-12 17:07:32 Use 0.000000 s 

[ 2017-06-12T17:17:05+08:00 ] ::1 /qishi/
INFO: Cron:AutoRefreshResume Runat 2017-06-12 17:17:05 Use 0.067004 s 
Cron:AutoRefreshJobs Runat 2017-06-12 17:17:05 Use 0.000000 s 

