[ 2017-06-13T16:24:02+08:00 ] 192.168.102.130 /qishi/index.php?m=Mobile&c=Captcha&type=mobile&t=1497342242110
INFO: [ app_begin ] --START--
INFO: Run Behavior\ReadHtmlCacheBehavior [ RunTime:0.001000s ]
INFO: Run Common\Behavior\CheckIpbanBehavior [ RunTime:0.001000s ]
NOTIC: [2] include(./Application/Mobile/Lang/zh-cn/empty.php): failed to open stream: No such file or directory D:\phpwork\qishi\Application\Common\Behavior\CheckLangBehavior.class.php 第 90 行.
NOTIC: [2] include(): Failed opening './Application/Mobile/Lang/zh-cn/empty.php' for inclusion (include_path='.;D:/xampps/htdocs') D:\phpwork\qishi\Application\Common\Behavior\CheckLangBehavior.class.php 第 90 行.
NOTIC: [2] include(./Application/Mobile/Lang/zh-cn/empty.php): failed to open stream: No such file or directory D:\phpwork\qishi\Application\Common\Behavior\CheckLangBehavior.class.php 第 91 行.
NOTIC: [2] include(): Failed opening './Application/Mobile/Lang/zh-cn/empty.php' for inclusion (include_path='.;D:/xampps/htdocs') D:\phpwork\qishi\Application\Common\Behavior\CheckLangBehavior.class.php 第 91 行.
NOTIC: [2] array_merge(): Argument #4 is not an array D:\phpwork\qishi\Application\Common\Behavior\CheckLangBehavior.class.php 第 93 行.
INFO: Run Common\Behavior\CheckLangBehavior [ RunTime:0.002000s ]
INFO: Run Common\Behavior\CronRunBehavior [ RunTime:0.002000s ]
INFO: Run Common\Behavior\IsMobileBehavior [ RunTime:0.002000s ]
NOTIC: [8] Undefined index: Subsite D:\phpwork\qishi\Application\Common\Behavior\SubsiteBehavior.class.php 第 17 行.
INFO: Run Common\Behavior\SubsiteBehavior [ RunTime:0.001000s ]
INFO: [ app_begin ] --END-- [ RunTime:0.020001s ]
NOTIC: [8] A session had already been started - ignoring session_start() D:\phpwork\qishi\ThinkPHP\Common\functions.php 第 1275 行.
NOTIC: [2048] Declaration of Common\Controller\FrontendController::display() should be compatible with Think\Controller::display($templateFile = '', $charset = '', $contentType = '', $content = '', $prefix = '') D:\phpwork\qishi\Application\Common\Controller\FrontendController.class.php 第 9 行.
NOTIC: [8] Undefined index: Subsite D:\phpwork\qishi\Application\Common\Controller\BaseController.class.php 第 23 行.
NOTIC: [8] A session had already been started - ignoring session_start() D:\phpwork\qishi\ThinkPHP\Common\functions.php 第 1233 行.
NOTIC: [8] A session had already been started - ignoring session_start() D:\phpwork\qishi\ThinkPHP\Common\functions.php 第 1233 行.
INFO: [ app_end ] --START--
INFO: Run Behavior\ShowPageTraceBehavior [ RunTime:0.001000s ]
INFO: [ app_end ] --END-- [ RunTime:0.001000s ]

[ 2017-06-13T16:24:09+08:00 ] 192.168.102.130 /qishi/index.php?m=Mobile&c=Members&a=login
INFO: [ app_begin ] --START--
INFO: Run Behavior\ReadHtmlCacheBehavior [ RunTime:0.001000s ]
INFO: Run Common\Behavior\CheckIpbanBehavior [ RunTime:0.002000s ]
NOTIC: [2] include(./Application/Mobile/Lang/zh-cn/empty.php): failed to open stream: No such file or directory D:\phpwork\qishi\Application\Common\Behavior\CheckLangBehavior.class.php 第 90 行.
NOTIC: [2] include(): Failed opening './Application/Mobile/Lang/zh-cn/empty.php' for inclusion (include_path='.;D:/xampps/htdocs') D:\phpwork\qishi\Application\Common\Behavior\CheckLangBehavior.class.php 第 90 行.
NOTIC: [2] include(./Application/Mobile/Lang/zh-cn/empty.php): failed to open stream: No such file or directory D:\phpwork\qishi\Application\Common\Behavior\CheckLangBehavior.class.php 第 91 行.
NOTIC: [2] include(): Failed opening './Application/Mobile/Lang/zh-cn/empty.php' for inclusion (include_path='.;D:/xampps/htdocs') D:\phpwork\qishi\Application\Common\Behavior\CheckLangBehavior.class.php 第 91 行.
NOTIC: [2] array_merge(): Argument #4 is not an array D:\phpwork\qishi\Application\Common\Behavior\CheckLangBehavior.class.php 第 93 行.
INFO: Run Common\Behavior\CheckLangBehavior [ RunTime:0.002000s ]
INFO: Run Common\Behavior\CronRunBehavior [ RunTime:0.021001s ]
INFO: Run Common\Behavior\IsMobileBehavior [ RunTime:0.002000s ]
NOTIC: [8] Undefined index: Subsite D:\phpwork\qishi\Application\Common\Behavior\SubsiteBehavior.class.php 第 17 行.
INFO: Run Common\Behavior\SubsiteBehavior [ RunTime:0.000000s ]
INFO: [ app_begin ] --END-- [ RunTime:0.029001s ]
NOTIC: [8] A session had already been started - ignoring session_start() D:\phpwork\qishi\ThinkPHP\Common\functions.php 第 1275 行.
NOTIC: [2048] Declaration of Common\Controller\FrontendController::display() should be compatible with Think\Controller::display($templateFile = '', $charset = '', $contentType = '', $content = '', $prefix = '') D:\phpwork\qishi\Application\Common\Controller\FrontendController.class.php 第 9 行.
NOTIC: [8] Undefined index: Subsite D:\phpwork\qishi\Application\Common\Controller\BaseController.class.php 第 23 行.
NOTIC: [8] A session had already been started - ignoring session_start() D:\phpwork\qishi\ThinkPHP\Common\functions.php 第 1233 行.
NOTIC: [2] Missing argument 1 for Common\Controller\FrontendController::_user_server(), called in D:\phpwork\qishi\Application\Mobile\Controller\MembersController.class.php on line 30 and defined D:\phpwork\qishi\Application\Common\Controller\FrontendController.class.php 第 163 行.
NOTIC: [8] Undefined variable: type D:\phpwork\qishi\Application\Common\Controller\FrontendController.class.php 第 164 行.
SQL: SHOW COLUMNS FROM `qs_members` [ RunTime:0.0030s ]
NOTIC: [8] Undefined variable: regist D:\phpwork\qishi\Application\Common\qscmslib\passport.class.php 第 130 行.
SQL: SELECT * FROM `qs_members` WHERE `username` = 'shenhua'    LIMIT 1  [ RunTime:0.0010s ]
SQL: SHOW COLUMNS FROM `qs_members` [ RunTime:0.0040s ]
SQL: SELECT `utype` FROM `qs_members` WHERE `uid` = 1    LIMIT 1  [ RunTime:0.0010s ]
SQL: UPDATE `qs_members` SET `last_login_time`='1497342249',`last_login_ip`='192.168.102.130',`remind_email_time`='0',`remind_email_ex_time`='0' WHERE `uid` = 1 [ RunTime:0.0010s ]
SQL: SELECT `uid`,`utype`,`username`,`email`,`mobile`,`password`,`last_login_time` FROM `qs_members` WHERE `uid` = 1    LIMIT 1  [ RunTime:0.0000s ]
NOTIC: [8] A session had already been started - ignoring session_start() D:\phpwork\qishi\ThinkPHP\Common\functions.php 第 1233 行.
SQL: SHOW COLUMNS FROM `qs_members_log` [ RunTime:0.0030s ]
NOTIC: [8] Undefined index: __hash__ D:\phpwork\qishi\Application\Common\Common\function.php 第 390 行.
NOTIC: [8] Undefined index: validate D:\phpwork\qishi\ThinkPHP\Library\Think\Model.class.php 第 1236 行.
NOTIC: [8] Undefined index: auto D:\phpwork\qishi\ThinkPHP\Library\Think\Model.class.php 第 1179 行.
NOTIC: [2] Illegal offset type in isset or empty D:\phpwork\qishi\ThinkPHP\Library\Think\Model.class.php 第 251 行.
NOTIC: [2] Illegal offset type D:\phpwork\qishi\ThinkPHP\Library\Think\Model.class.php 第 252 行.
NOTIC: [8] Array to string conversion D:\phpwork\qishi\ThinkPHP\Library\Think\Model.class.php 第 726 行.
NOTIC: [2] Illegal offset type in isset or empty D:\phpwork\qishi\ThinkPHP\Library\Think\Model.class.php 第 726 行.
SQL: INSERT INTO `qs_members_log` (`log_uid`,`log_utype`,`log_username`,`log_type`,`log_value`,`log_source`,`log_addtime`,`log_ip`,`log_address`,`log_id`,`param_id`) VALUES ('1','2','shenhua','1001','登录成功(Mobile)','触屏版','1497342249','192.168.102.130','局域网','0','0') [ RunTime:0.0010s ]

[ 2017-06-13T16:24:13+08:00 ] 192.168.102.130 /qishi/index.php?m=Mobile&c=personal&a=ajax_get_work_list&pid=1
INFO: [ app_begin ] --START--
INFO: Run Behavior\ReadHtmlCacheBehavior [ RunTime:0.001000s ]
INFO: Run Common\Behavior\CheckIpbanBehavior [ RunTime:0.001000s ]
NOTIC: [2] include(./Application/Mobile/Lang/zh-cn/empty.php): failed to open stream: No such file or directory D:\phpwork\qishi\Application\Common\Behavior\CheckLangBehavior.class.php 第 90 行.
NOTIC: [2] include(): Failed opening './Application/Mobile/Lang/zh-cn/empty.php' for inclusion (include_path='.;D:/xampps/htdocs') D:\phpwork\qishi\Application\Common\Behavior\CheckLangBehavior.class.php 第 90 行.
NOTIC: [2] include(./Application/Mobile/Lang/zh-cn/empty.php): failed to open stream: No such file or directory D:\phpwork\qishi\Application\Common\Behavior\CheckLangBehavior.class.php 第 91 行.
NOTIC: [2] include(): Failed opening './Application/Mobile/Lang/zh-cn/empty.php' for inclusion (include_path='.;D:/xampps/htdocs') D:\phpwork\qishi\Application\Common\Behavior\CheckLangBehavior.class.php 第 91 行.
NOTIC: [2] array_merge(): Argument #4 is not an array D:\phpwork\qishi\Application\Common\Behavior\CheckLangBehavior.class.php 第 93 行.
INFO: Run Common\Behavior\CheckLangBehavior [ RunTime:0.002000s ]
INFO: Run Common\Behavior\CronRunBehavior [ RunTime:0.023001s ]
INFO: Run Common\Behavior\IsMobileBehavior [ RunTime:0.001000s ]
NOTIC: [8] Undefined index: Subsite D:\phpwork\qishi\Application\Common\Behavior\SubsiteBehavior.class.php 第 17 行.
INFO: Run Common\Behavior\SubsiteBehavior [ RunTime:0.001000s ]
INFO: [ app_begin ] --END-- [ RunTime:0.029001s ]
NOTIC: [8] A session had already been started - ignoring session_start() D:\phpwork\qishi\ThinkPHP\Common\functions.php 第 1275 行.
NOTIC: [2048] Declaration of Common\Controller\FrontendController::display() should be compatible with Think\Controller::display($templateFile = '', $charset = '', $contentType = '', $content = '', $prefix = '') D:\phpwork\qishi\Application\Common\Controller\FrontendController.class.php 第 9 行.
NOTIC: [8] Undefined index: Subsite D:\phpwork\qishi\Application\Common\Controller\BaseController.class.php 第 23 行.
NOTIC: [8] A session had already been started - ignoring session_start() D:\phpwork\qishi\ThinkPHP\Common\functions.php 第 1233 行.
NOTIC: [8] A session had already been started - ignoring session_start() D:\phpwork\qishi\ThinkPHP\Common\functions.php 第 1233 行.
SQL: SHOW COLUMNS FROM `qs_members` [ RunTime:0.0060s ]
SQL: SELECT * FROM `qs_members` WHERE `uid` = 1    LIMIT 1  [ RunTime:0.0010s ]
SQL: SHOW COLUMNS FROM `qs_members_info` [ RunTime:0.0050s ]
SQL: SELECT * FROM `qs_members_info` WHERE `uid` = 1    LIMIT 1  [ RunTime:0.0420s ]
NOTIC: [8] Undefined index: weixin_audit D:\phpwork\qishi\Application\Common\Controller\FrontendController.class.php 第 104 行.
NOTIC: [2] Missing argument 1 for Common\Controller\FrontendController::_msgtip(), called in D:\phpwork\qishi\Application\Common\Controller\FrontendController.class.php on line 112 and defined D:\phpwork\qishi\Application\Common\Controller\FrontendController.class.php 第 121 行.
SQL: SHOW COLUMNS FROM `qs_members_msgtip` [ RunTime:0.0080s ]
SQL: SELECT `type`,`update_time`,`unread` FROM `qs_members_msgtip` WHERE `uid` = 1    [ RunTime:0.0020s ]
NOTIC: [8] Undefined variable: unread D:\phpwork\qishi\Application\Common\Controller\FrontendController.class.php 第 124 行.
SQL: SHOW COLUMNS FROM `qs_resume_work` [ RunTime:0.0050s ]
SQL: SELECT `id`,`pid`,`companyname`,`jobs`,`achievements`,`startyear`,`startmonth`,`endyear`,`endmonth`,`todate` FROM `qs_resume_work` WHERE `pid` = 1 AND `uid` = 1    [ RunTime:0.0010s ]
NOTIC: [2048] Declaration of Common\Model\PageModel::_before_write() should be compatible with Think\Model::_before_write(&$data) D:\phpwork\qishi\Application\Mobile\Model\PageModel.class.php 第 158 行.
SQL: SHOW COLUMNS FROM `qs_page` [ RunTime:0.0090s ]
NOTIC: [8] Undefined variable: cache D:\phpwork\qishi\Application\Mobile\Model\PageModel.class.php 第 53 行.
NOTIC: [8] Undefined variable: subsite_id D:\phpwork\qishi\Application\Mobile\Model\PageModel.class.php 第 53 行.
SQL: SELECT `pname`,`module`,`controller`,`action`,`title`,`keywords`,`description` FROM `qs_page` WHERE `type` = 'Mobile'    [ RunTime:0.0010s ]
NOTIC: [8] Undefined index: mobile_personal_ajax_get_work_list D:\phpwork\qishi\Application\Common\Controller\FrontendController.class.php 第 43 行.
NOTIC: [2] array_merge(): Argument #2 is not an array D:\phpwork\qishi\Application\Common\Controller\FrontendController.class.php 第 63 行.
NOTIC: [2] array_values() expects parameter 1 to be array, null given D:\phpwork\qishi\Application\Common\Controller\FrontendController.class.php 第 67 行.
NOTIC: [2] implode(): Invalid arguments passed D:\phpwork\qishi\Application\Common\Controller\FrontendController.class.php 第 67 行.
NOTIC: [8] Undefined index: key D:\phpwork\qishi\Application\Common\Controller\FrontendController.class.php 第 69 行.
NOTIC: [2] Invalid argument supplied for foreach() D:\phpwork\qishi\Application\Common\Controller\FrontendController.class.php 第 77 行.
INFO: [ view_parse ] --START--
INFO: [ template_filter ] --START--
INFO: Run Behavior\ContentReplaceBehavior [ RunTime:0.000000s ]
INFO: [ template_filter ] --END-- [ RunTime:0.000000s ]
NOTIC: [8] Undefined variable: list D:\phpwork\qishi\data\Runtime\Cache\Mobile\fe154d27747191b9d1179ea5c0e5da79.php 第 1 行.
INFO: Run Behavior\ParseTemplateBehavior [ RunTime:0.031002s ]
INFO: [ view_parse ] --END-- [ RunTime:0.032002s ]
INFO: [ view_filter ] --START--
INFO: Run Behavior\WriteHtmlCacheBehavior [ RunTime:0.000000s ]
INFO: Run Common\Behavior\ContentReplaceBehavior [ RunTime:0.000000s ]
INFO: [ view_filter ] --END-- [ RunTime:0.000000s ]
INFO: [ app_end ] --START--
INFO: Run Behavior\ShowPageTraceBehavior [ RunTime:0.000000s ]
INFO: [ app_end ] --END-- [ RunTime:0.000000s ]

[ 2017-06-13T16:24:13+08:00 ] 192.168.102.130 /qishi/index.php?m=Mobile&c=personal&a=ajax_get_language_list&pid=1
INFO: [ app_begin ] --START--
INFO: Run Behavior\ReadHtmlCacheBehavior [ RunTime:0.001000s ]
INFO: Run Common\Behavior\CheckIpbanBehavior [ RunTime:0.001000s ]
NOTIC: [2] include(./Application/Mobile/Lang/zh-cn/empty.php): failed to open stream: No such file or directory D:\phpwork\qishi\Application\Common\Behavior\CheckLangBehavior.class.php 第 90 行.
NOTIC: [2] include(): Failed opening './Application/Mobile/Lang/zh-cn/empty.php' for inclusion (include_path='.;D:/xampps/htdocs') D:\phpwork\qishi\Application\Common\Behavior\CheckLangBehavior.class.php 第 90 行.
NOTIC: [2] include(./Application/Mobile/Lang/zh-cn/empty.php): failed to open stream: No such file or directory D:\phpwork\qishi\Application\Common\Behavior\CheckLangBehavior.class.php 第 91 行.
NOTIC: [2] include(): Failed opening './Application/Mobile/Lang/zh-cn/empty.php' for inclusion (include_path='.;D:/xampps/htdocs') D:\phpwork\qishi\Application\Common\Behavior\CheckLangBehavior.class.php 第 91 行.
NOTIC: [2] array_merge(): Argument #4 is not an array D:\phpwork\qishi\Application\Common\Behavior\CheckLangBehavior.class.php 第 93 行.
INFO: Run Common\Behavior\CheckLangBehavior [ RunTime:0.001000s ]
INFO: Run Common\Behavior\CronRunBehavior [ RunTime:0.020001s ]
INFO: Run Common\Behavior\IsMobileBehavior [ RunTime:0.001000s ]
NOTIC: [8] Undefined index: Subsite D:\phpwork\qishi\Application\Common\Behavior\SubsiteBehavior.class.php 第 17 行.
INFO: Run Common\Behavior\SubsiteBehavior [ RunTime:0.001000s ]
INFO: [ app_begin ] --END-- [ RunTime:0.025001s ]
NOTIC: [8] A session had already been started - ignoring session_start() D:\phpwork\qishi\ThinkPHP\Common\functions.php 第 1275 行.
NOTIC: [2048] Declaration of Common\Controller\FrontendController::display() should be compatible with Think\Controller::display($templateFile = '', $charset = '', $contentType = '', $content = '', $prefix = '') D:\phpwork\qishi\Application\Common\Controller\FrontendController.class.php 第 9 行.
NOTIC: [8] Undefined index: Subsite D:\phpwork\qishi\Application\Common\Controller\BaseController.class.php 第 23 行.
NOTIC: [8] A session had already been started - ignoring session_start() D:\phpwork\qishi\ThinkPHP\Common\functions.php 第 1233 行.
NOTIC: [8] A session had already been started - ignoring session_start() D:\phpwork\qishi\ThinkPHP\Common\functions.php 第 1233 行.
SQL: SHOW COLUMNS FROM `qs_members` [ RunTime:0.0200s ]
SQL: SELECT * FROM `qs_members` WHERE `uid` = 1    LIMIT 1  [ RunTime:0.0010s ]
SQL: SHOW COLUMNS FROM `qs_members_info` [ RunTime:0.0030s ]
SQL: SELECT * FROM `qs_members_info` WHERE `uid` = 1    LIMIT 1  [ RunTime:0.0010s ]
NOTIC: [8] Undefined index: weixin_audit D:\phpwork\qishi\Application\Common\Controller\FrontendController.class.php 第 104 行.
NOTIC: [2] Missing argument 1 for Common\Controller\FrontendController::_msgtip(), called in D:\phpwork\qishi\Application\Common\Controller\FrontendController.class.php on line 112 and defined D:\phpwork\qishi\Application\Common\Controller\FrontendController.class.php 第 121 行.
SQL: SHOW COLUMNS FROM `qs_members_msgtip` [ RunTime:0.0030s ]
SQL: SELECT `type`,`update_time`,`unread` FROM `qs_members_msgtip` WHERE `uid` = 1    [ RunTime:0.0010s ]
NOTIC: [8] Undefined variable: unread D:\phpwork\qishi\Application\Common\Controller\FrontendController.class.php 第 124 行.
SQL: SHOW COLUMNS FROM `qs_resume_language` [ RunTime:0.0030s ]
SQL: SELECT `id`,`pid`,`language_cn`,`level_cn` FROM `qs_resume_language` WHERE `pid` = 1 AND `uid` = 1    [ RunTime:0.0000s ]
NOTIC: [2048] Declaration of Common\Model\PageModel::_before_write() should be compatible with Think\Model::_before_write(&$data) D:\phpwork\qishi\Application\Mobile\Model\PageModel.class.php 第 158 行.
SQL: SHOW COLUMNS FROM `qs_page` [ RunTime:0.0030s ]
NOTIC: [8] Undefined variable: cache D:\phpwork\qishi\Application\Mobile\Model\PageModel.class.php 第 53 行.
NOTIC: [8] Undefined variable: subsite_id D:\phpwork\qishi\Application\Mobile\Model\PageModel.class.php 第 53 行.
SQL: SELECT `pname`,`module`,`controller`,`action`,`title`,`keywords`,`description` FROM `qs_page` WHERE `type` = 'Mobile'    [ RunTime:0.0010s ]
NOTIC: [8] Undefined index: mobile_personal_ajax_get_language_list D:\phpwork\qishi\Application\Common\Controller\FrontendController.class.php 第 43 行.
NOTIC: [2] array_merge(): Argument #2 is not an array D:\phpwork\qishi\Application\Common\Controller\FrontendController.class.php 第 63 行.
NOTIC: [2] array_values() expects parameter 1 to be array, null given D:\phpwork\qishi\Application\Common\Controller\FrontendController.class.php 第 67 行.
NOTIC: [2] implode(): Invalid arguments passed D:\phpwork\qishi\Application\Common\Controller\FrontendController.class.php 第 67 行.
NOTIC: [8] Undefined index: key D:\phpwork\qishi\Application\Common\Controller\FrontendController.class.php 第 69 行.
NOTIC: [2] Invalid argument supplied for foreach() D:\phpwork\qishi\Application\Common\Controller\FrontendController.class.php 第 77 行.
INFO: [ view_parse ] --START--
INFO: [ template_filter ] --START--
INFO: Run Behavior\ContentReplaceBehavior [ RunTime:0.000000s ]
INFO: [ template_filter ] --END-- [ RunTime:0.001001s ]
NOTIC: [8] Undefined variable: list D:\phpwork\qishi\data\Runtime\Cache\Mobile\bfda4c77805398900930abbf3bc94997.php 第 1 行.
INFO: Run Behavior\ParseTemplateBehavior [ RunTime:0.007001s ]
INFO: [ view_parse ] --END-- [ RunTime:0.007001s ]
INFO: [ view_filter ] --START--
INFO: Run Behavior\WriteHtmlCacheBehavior [ RunTime:0.001000s ]
INFO: Run Common\Behavior\ContentReplaceBehavior [ RunTime:0.000000s ]
INFO: [ view_filter ] --END-- [ RunTime:0.001000s ]
INFO: [ app_end ] --START--
INFO: Run Behavior\ShowPageTraceBehavior [ RunTime:0.001000s ]
INFO: [ app_end ] --END-- [ RunTime:0.001000s ]

[ 2017-06-13T16:24:13+08:00 ] 192.168.102.130 /qishi/index.php?m=Mobile&c=personal&a=ajax_get_credent_list&pid=1
INFO: [ app_begin ] --START--
INFO: Run Behavior\ReadHtmlCacheBehavior [ RunTime:0.001000s ]
INFO: Run Common\Behavior\CheckIpbanBehavior [ RunTime:0.002000s ]
NOTIC: [2] include(./Application/Mobile/Lang/zh-cn/empty.php): failed to open stream: No such file or directory D:\phpwork\qishi\Application\Common\Behavior\CheckLangBehavior.class.php 第 90 行.
NOTIC: [2] include(): Failed opening './Application/Mobile/Lang/zh-cn/empty.php' for inclusion (include_path='.;D:/xampps/htdocs') D:\phpwork\qishi\Application\Common\Behavior\CheckLangBehavior.class.php 第 90 行.
NOTIC: [2] include(./Application/Mobile/Lang/zh-cn/empty.php): failed to open stream: No such file or directory D:\phpwork\qishi\Application\Common\Behavior\CheckLangBehavior.class.php 第 91 行.
NOTIC: [2] include(): Failed opening './Application/Mobile/Lang/zh-cn/empty.php' for inclusion (include_path='.;D:/xampps/htdocs') D:\phpwork\qishi\Application\Common\Behavior\CheckLangBehavior.class.php 第 91 行.
NOTIC: [2] array_merge(): Argument #4 is not an array D:\phpwork\qishi\Application\Common\Behavior\CheckLangBehavior.class.php 第 93 行.
INFO: Run Common\Behavior\CheckLangBehavior [ RunTime:0.002000s ]
INFO: Run Common\Behavior\CronRunBehavior [ RunTime:0.002000s ]
INFO: Run Common\Behavior\IsMobileBehavior [ RunTime:0.002001s ]
NOTIC: [8] Undefined index: Subsite D:\phpwork\qishi\Application\Common\Behavior\SubsiteBehavior.class.php 第 17 行.
INFO: Run Common\Behavior\SubsiteBehavior [ RunTime:0.000000s ]
INFO: [ app_begin ] --END-- [ RunTime:0.009001s ]
NOTIC: [8] A session had already been started - ignoring session_start() D:\phpwork\qishi\ThinkPHP\Common\functions.php 第 1275 行.
NOTIC: [2048] Declaration of Common\Controller\FrontendController::display() should be compatible with Think\Controller::display($templateFile = '', $charset = '', $contentType = '', $content = '', $prefix = '') D:\phpwork\qishi\Application\Common\Controller\FrontendController.class.php 第 9 行.
NOTIC: [8] Undefined index: Subsite D:\phpwork\qishi\Application\Common\Controller\BaseController.class.php 第 23 行.
NOTIC: [8] A session had already been started - ignoring session_start() D:\phpwork\qishi\ThinkPHP\Common\functions.php 第 1233 行.
NOTIC: [8] A session had already been started - ignoring session_start() D:\phpwork\qishi\ThinkPHP\Common\functions.php 第 1233 行.
SQL: SHOW COLUMNS FROM `qs_members` [ RunTime:0.0040s ]
SQL: SELECT * FROM `qs_members` WHERE `uid` = 1    LIMIT 1  [ RunTime:0.0000s ]
SQL: SHOW COLUMNS FROM `qs_members_info` [ RunTime:0.0050s ]
SQL: SELECT * FROM `qs_members_info` WHERE `uid` = 1    LIMIT 1  [ RunTime:0.0000s ]
NOTIC: [8] Undefined index: weixin_audit D:\phpwork\qishi\Application\Common\Controller\FrontendController.class.php 第 104 行.
NOTIC: [2] Missing argument 1 for Common\Controller\FrontendController::_msgtip(), called in D:\phpwork\qishi\Application\Common\Controller\FrontendController.class.php on line 112 and defined D:\phpwork\qishi\Application\Common\Controller\FrontendController.class.php 第 121 行.
SQL: SHOW COLUMNS FROM `qs_members_msgtip` [ RunTime:0.0070s ]
SQL: SELECT `type`,`update_time`,`unread` FROM `qs_members_msgtip` WHERE `uid` = 1    [ RunTime:0.0000s ]
NOTIC: [8] Undefined variable: unread D:\phpwork\qishi\Application\Common\Controller\FrontendController.class.php 第 124 行.
SQL: SHOW COLUMNS FROM `qs_resume_credent` [ RunTime:0.0050s ]
SQL: SELECT `id`,`pid`,`name`,`year`,`month` FROM `qs_resume_credent` WHERE `pid` = 1 AND `uid` = 1    [ RunTime:0.0000s ]
NOTIC: [2048] Declaration of Common\Model\PageModel::_before_write() should be compatible with Think\Model::_before_write(&$data) D:\phpwork\qishi\Application\Mobile\Model\PageModel.class.php 第 158 行.
SQL: SHOW COLUMNS FROM `qs_page` [ RunTime:0.0030s ]
NOTIC: [8] Undefined variable: cache D:\phpwork\qishi\Application\Mobile\Model\PageModel.class.php 第 53 行.
NOTIC: [8] Undefined variable: subsite_id D:\phpwork\qishi\Application\Mobile\Model\PageModel.class.php 第 53 行.
SQL: SELECT `pname`,`module`,`controller`,`action`,`title`,`keywords`,`description` FROM `qs_page` WHERE `type` = 'Mobile'    [ RunTime:0.0010s ]
NOTIC: [8] Undefined index: mobile_personal_ajax_get_credent_list D:\phpwork\qishi\Application\Common\Controller\FrontendController.class.php 第 43 行.
NOTIC: [2] array_merge(): Argument #2 is not an array D:\phpwork\qishi\Application\Common\Controller\FrontendController.class.php 第 63 行.
NOTIC: [2] array_values() expects parameter 1 to be array, null given D:\phpwork\qishi\Application\Common\Controller\FrontendController.class.php 第 67 行.
NOTIC: [2] implode(): Invalid arguments passed D:\phpwork\qishi\Application\Common\Controller\FrontendController.class.php 第 67 行.
NOTIC: [8] Undefined index: key D:\phpwork\qishi\Application\Common\Controller\FrontendController.class.php 第 69 行.
NOTIC: [2] Invalid argument supplied for foreach() D:\phpwork\qishi\Application\Common\Controller\FrontendController.class.php 第 77 行.
INFO: [ view_parse ] --START--
INFO: [ template_filter ] --START--
INFO: Run Behavior\ContentReplaceBehavior [ RunTime:0.000000s ]
INFO: [ template_filter ] --END-- [ RunTime:0.000000s ]
NOTIC: [8] Undefined variable: list D:\phpwork\qishi\data\Runtime\Cache\Mobile\b1bdc2a04bc2a853b8a078a1760a8cc2.php 第 1 行.
INFO: Run Behavior\ParseTemplateBehavior [ RunTime:0.009001s ]
INFO: [ view_parse ] --END-- [ RunTime:0.009001s ]
INFO: [ view_filter ] --START--
INFO: Run Behavior\WriteHtmlCacheBehavior [ RunTime:0.001000s ]
INFO: Run Common\Behavior\ContentReplaceBehavior [ RunTime:0.000000s ]
INFO: [ view_filter ] --END-- [ RunTime:0.001000s ]
INFO: [ app_end ] --START--
INFO: Run Behavior\ShowPageTraceBehavior [ RunTime:0.001000s ]
INFO: [ app_end ] --END-- [ RunTime:0.001000s ]

[ 2017-06-13T16:24:13+08:00 ] 192.168.102.130 /qishi/index.php?m=Mobile&c=personal&a=ajax_get_training_list&pid=1
INFO: [ app_begin ] --START--
INFO: Run Behavior\ReadHtmlCacheBehavior [ RunTime:0.000000s ]
INFO: Run Common\Behavior\CheckIpbanBehavior [ RunTime:0.001000s ]
NOTIC: [2] include(./Application/Mobile/Lang/zh-cn/empty.php): failed to open stream: No such file or directory D:\phpwork\qishi\Application\Common\Behavior\CheckLangBehavior.class.php 第 90 行.
NOTIC: [2] include(): Failed opening './Application/Mobile/Lang/zh-cn/empty.php' for inclusion (include_path='.;D:/xampps/htdocs') D:\phpwork\qishi\Application\Common\Behavior\CheckLangBehavior.class.php 第 90 行.
NOTIC: [2] include(./Application/Mobile/Lang/zh-cn/empty.php): failed to open stream: No such file or directory D:\phpwork\qishi\Application\Common\Behavior\CheckLangBehavior.class.php 第 91 行.
NOTIC: [2] include(): Failed opening './Application/Mobile/Lang/zh-cn/empty.php' for inclusion (include_path='.;D:/xampps/htdocs') D:\phpwork\qishi\Application\Common\Behavior\CheckLangBehavior.class.php 第 91 行.
NOTIC: [2] array_merge(): Argument #4 is not an array D:\phpwork\qishi\Application\Common\Behavior\CheckLangBehavior.class.php 第 93 行.
INFO: Run Common\Behavior\CheckLangBehavior [ RunTime:0.002000s ]
INFO: Run Common\Behavior\CronRunBehavior [ RunTime:0.005000s ]
INFO: Run Common\Behavior\IsMobileBehavior [ RunTime:0.003000s ]
NOTIC: [8] Undefined index: Subsite D:\phpwork\qishi\Application\Common\Behavior\SubsiteBehavior.class.php 第 17 行.
INFO: Run Common\Behavior\SubsiteBehavior [ RunTime:0.000000s ]
INFO: [ app_begin ] --END-- [ RunTime:0.012001s ]
NOTIC: [8] A session had already been started - ignoring session_start() D:\phpwork\qishi\ThinkPHP\Common\functions.php 第 1275 行.
NOTIC: [2048] Declaration of Common\Controller\FrontendController::display() should be compatible with Think\Controller::display($templateFile = '', $charset = '', $contentType = '', $content = '', $prefix = '') D:\phpwork\qishi\Application\Common\Controller\FrontendController.class.php 第 9 行.
NOTIC: [8] Undefined index: Subsite D:\phpwork\qishi\Application\Common\Controller\BaseController.class.php 第 23 行.
NOTIC: [8] A session had already been started - ignoring session_start() D:\phpwork\qishi\ThinkPHP\Common\functions.php 第 1233 行.
NOTIC: [8] A session had already been started - ignoring session_start() D:\phpwork\qishi\ThinkPHP\Common\functions.php 第 1233 行.
SQL: SHOW COLUMNS FROM `qs_members` [ RunTime:0.0040s ]
SQL: SELECT * FROM `qs_members` WHERE `uid` = 1    LIMIT 1  [ RunTime:0.0000s ]
SQL: SHOW COLUMNS FROM `qs_members_info` [ RunTime:0.0060s ]
SQL: SELECT * FROM `qs_members_info` WHERE `uid` = 1    LIMIT 1  [ RunTime:0.0030s ]
NOTIC: [8] Undefined index: weixin_audit D:\phpwork\qishi\Application\Common\Controller\FrontendController.class.php 第 104 行.
NOTIC: [2] Missing argument 1 for Common\Controller\FrontendController::_msgtip(), called in D:\phpwork\qishi\Application\Common\Controller\FrontendController.class.php on line 112 and defined D:\phpwork\qishi\Application\Common\Controller\FrontendController.class.php 第 121 行.
SQL: SHOW COLUMNS FROM `qs_members_msgtip` [ RunTime:0.0050s ]
SQL: SELECT `type`,`update_time`,`unread` FROM `qs_members_msgtip` WHERE `uid` = 1    [ RunTime:0.0010s ]
NOTIC: [8] Undefined variable: unread D:\phpwork\qishi\Application\Common\Controller\FrontendController.class.php 第 124 行.
SQL: SHOW COLUMNS FROM `qs_resume_training` [ RunTime:0.0050s ]
SQL: SELECT `id`,`pid`,`startyear`,`startmonth`,`endyear`,`endmonth`,`agency`,`course`,`description`,`todate` FROM `qs_resume_training` WHERE `pid` = 1 AND `uid` = 1    [ RunTime:0.0020s ]
NOTIC: [2048] Declaration of Common\Model\PageModel::_before_write() should be compatible with Think\Model::_before_write(&$data) D:\phpwork\qishi\Application\Mobile\Model\PageModel.class.php 第 158 行.
SQL: SHOW COLUMNS FROM `qs_page` [ RunTime:0.0040s ]
NOTIC: [8] Undefined variable: cache D:\phpwork\qishi\Application\Mobile\Model\PageModel.class.php 第 53 行.
NOTIC: [8] Undefined variable: subsite_id D:\phpwork\qishi\Application\Mobile\Model\PageModel.class.php 第 53 行.
SQL: SELECT `pname`,`module`,`controller`,`action`,`title`,`keywords`,`description` FROM `qs_page` WHERE `type` = 'Mobile'    [ RunTime:0.0010s ]
NOTIC: [8] Undefined index: mobile_personal_ajax_get_training_list D:\phpwork\qishi\Application\Common\Controller\FrontendController.class.php 第 43 行.
NOTIC: [2] array_merge(): Argument #2 is not an array D:\phpwork\qishi\Application\Common\Controller\FrontendController.class.php 第 63 行.
NOTIC: [2] array_values() expects parameter 1 to be array, null given D:\phpwork\qishi\Application\Common\Controller\FrontendController.class.php 第 67 行.
NOTIC: [2] implode(): Invalid arguments passed D:\phpwork\qishi\Application\Common\Controller\FrontendController.class.php 第 67 行.
NOTIC: [8] Undefined index: key D:\phpwork\qishi\Application\Common\Controller\FrontendController.class.php 第 69 行.
NOTIC: [2] Invalid argument supplied for foreach() D:\phpwork\qishi\Application\Common\Controller\FrontendController.class.php 第 77 行.
INFO: [ view_parse ] --START--
INFO: [ template_filter ] --START--
INFO: Run Behavior\ContentReplaceBehavior [ RunTime:0.000000s ]
INFO: [ template_filter ] --END-- [ RunTime:0.001000s ]
NOTIC: [8] Undefined variable: list D:\phpwork\qishi\data\Runtime\Cache\Mobile\5a7bb6dd238bb714d5eb0c0b12f22751.php 第 1 行.
INFO: Run Behavior\ParseTemplateBehavior [ RunTime:0.048002s ]
INFO: [ view_parse ] --END-- [ RunTime:0.048002s ]
INFO: [ view_filter ] --START--
INFO: Run Behavior\WriteHtmlCacheBehavior [ RunTime:0.001001s ]
INFO: Run Common\Behavior\ContentReplaceBehavior [ RunTime:0.000000s ]
INFO: [ view_filter ] --END-- [ RunTime:0.001001s ]
INFO: [ app_end ] --START--
INFO: Run Behavior\ShowPageTraceBehavior [ RunTime:0.001000s ]
INFO: [ app_end ] --END-- [ RunTime:0.001000s ]

[ 2017-06-13T16:24:13+08:00 ] 192.168.102.130 /qishi/index.php?m=Mobile&c=personal&a=ajax_get_education_list&pid=1
INFO: [ app_begin ] --START--
INFO: Run Behavior\ReadHtmlCacheBehavior [ RunTime:0.001000s ]
INFO: Run Common\Behavior\CheckIpbanBehavior [ RunTime:0.001000s ]
NOTIC: [2] include(./Application/Mobile/Lang/zh-cn/empty.php): failed to open stream: No such file or directory D:\phpwork\qishi\Application\Common\Behavior\CheckLangBehavior.class.php 第 90 行.
NOTIC: [2] include(): Failed opening './Application/Mobile/Lang/zh-cn/empty.php' for inclusion (include_path='.;D:/xampps/htdocs') D:\phpwork\qishi\Application\Common\Behavior\CheckLangBehavior.class.php 第 90 行.
NOTIC: [2] include(./Application/Mobile/Lang/zh-cn/empty.php): failed to open stream: No such file or directory D:\phpwork\qishi\Application\Common\Behavior\CheckLangBehavior.class.php 第 91 行.
NOTIC: [2] include(): Failed opening './Application/Mobile/Lang/zh-cn/empty.php' for inclusion (include_path='.;D:/xampps/htdocs') D:\phpwork\qishi\Application\Common\Behavior\CheckLangBehavior.class.php 第 91 行.
NOTIC: [2] array_merge(): Argument #4 is not an array D:\phpwork\qishi\Application\Common\Behavior\CheckLangBehavior.class.php 第 93 行.
INFO: Run Common\Behavior\CheckLangBehavior [ RunTime:0.002001s ]
INFO: Run Common\Behavior\CronRunBehavior [ RunTime:0.003000s ]
INFO: Run Common\Behavior\IsMobileBehavior [ RunTime:0.001000s ]
NOTIC: [8] Undefined index: Subsite D:\phpwork\qishi\Application\Common\Behavior\SubsiteBehavior.class.php 第 17 行.
INFO: Run Common\Behavior\SubsiteBehavior [ RunTime:0.000000s ]
INFO: [ app_begin ] --END-- [ RunTime:0.008001s ]
NOTIC: [8] A session had already been started - ignoring session_start() D:\phpwork\qishi\ThinkPHP\Common\functions.php 第 1275 行.
NOTIC: [2048] Declaration of Common\Controller\FrontendController::display() should be compatible with Think\Controller::display($templateFile = '', $charset = '', $contentType = '', $content = '', $prefix = '') D:\phpwork\qishi\Application\Common\Controller\FrontendController.class.php 第 9 行.
NOTIC: [8] Undefined index: Subsite D:\phpwork\qishi\Application\Common\Controller\BaseController.class.php 第 23 行.
NOTIC: [8] A session had already been started - ignoring session_start() D:\phpwork\qishi\ThinkPHP\Common\functions.php 第 1233 行.
NOTIC: [8] A session had already been started - ignoring session_start() D:\phpwork\qishi\ThinkPHP\Common\functions.php 第 1233 行.
SQL: SHOW COLUMNS FROM `qs_members` [ RunTime:0.0060s ]
SQL: SELECT * FROM `qs_members` WHERE `uid` = 1    LIMIT 1  [ RunTime:0.0010s ]
SQL: SHOW COLUMNS FROM `qs_members_info` [ RunTime:0.0040s ]
SQL: SELECT * FROM `qs_members_info` WHERE `uid` = 1    LIMIT 1  [ RunTime:0.0020s ]
NOTIC: [8] Undefined index: weixin_audit D:\phpwork\qishi\Application\Common\Controller\FrontendController.class.php 第 104 行.
NOTIC: [2] Missing argument 1 for Common\Controller\FrontendController::_msgtip(), called in D:\phpwork\qishi\Application\Common\Controller\FrontendController.class.php on line 112 and defined D:\phpwork\qishi\Application\Common\Controller\FrontendController.class.php 第 121 行.
SQL: SHOW COLUMNS FROM `qs_members_msgtip` [ RunTime:0.0070s ]
SQL: SELECT `type`,`update_time`,`unread` FROM `qs_members_msgtip` WHERE `uid` = 1    [ RunTime:0.0020s ]
NOTIC: [8] Undefined variable: unread D:\phpwork\qishi\Application\Common\Controller\FrontendController.class.php 第 124 行.
SQL: SHOW COLUMNS FROM `qs_resume_education` [ RunTime:0.0040s ]
SQL: SELECT `id`,`pid`,`startyear`,`startmonth`,`endyear`,`endmonth`,`school`,`speciality`,`education_cn`,`todate` FROM `qs_resume_education` WHERE `pid` = 1 AND `uid` = 1    [ RunTime:0.0000s ]
NOTIC: [2048] Declaration of Common\Model\PageModel::_before_write() should be compatible with Think\Model::_before_write(&$data) D:\phpwork\qishi\Application\Mobile\Model\PageModel.class.php 第 158 行.
SQL: SHOW COLUMNS FROM `qs_page` [ RunTime:0.0070s ]
NOTIC: [8] Undefined variable: cache D:\phpwork\qishi\Application\Mobile\Model\PageModel.class.php 第 53 行.
NOTIC: [8] Undefined variable: subsite_id D:\phpwork\qishi\Application\Mobile\Model\PageModel.class.php 第 53 行.
SQL: SELECT `pname`,`module`,`controller`,`action`,`title`,`keywords`,`description` FROM `qs_page` WHERE `type` = 'Mobile'    [ RunTime:0.0010s ]
NOTIC: [8] Undefined index: mobile_personal_ajax_get_education_list D:\phpwork\qishi\Application\Common\Controller\FrontendController.class.php 第 43 行.
NOTIC: [2] array_merge(): Argument #2 is not an array D:\phpwork\qishi\Application\Common\Controller\FrontendController.class.php 第 63 行.
NOTIC: [2] array_values() expects parameter 1 to be array, null given D:\phpwork\qishi\Application\Common\Controller\FrontendController.class.php 第 67 行.
NOTIC: [2] implode(): Invalid arguments passed D:\phpwork\qishi\Application\Common\Controller\FrontendController.class.php 第 67 行.
NOTIC: [8] Undefined index: key D:\phpwork\qishi\Application\Common\Controller\FrontendController.class.php 第 69 行.
NOTIC: [2] Invalid argument supplied for foreach() D:\phpwork\qishi\Application\Common\Controller\FrontendController.class.php 第 77 行.
INFO: [ view_parse ] --START--
INFO: [ template_filter ] --START--
INFO: Run Behavior\ContentReplaceBehavior [ RunTime:0.000000s ]
INFO: [ template_filter ] --END-- [ RunTime:0.001000s ]
NOTIC: [8] Undefined variable: list D:\phpwork\qishi\data\Runtime\Cache\Mobile\d15c75e8687ffab55dfbb166128f0b02.php 第 1 行.
INFO: Run Behavior\ParseTemplateBehavior [ RunTime:0.032002s ]
INFO: [ view_parse ] --END-- [ RunTime:0.032002s ]
INFO: [ view_filter ] --START--
INFO: Run Behavior\WriteHtmlCacheBehavior [ RunTime:0.001000s ]
INFO: Run Common\Behavior\ContentReplaceBehavior [ RunTime:0.000000s ]
INFO: [ view_filter ] --END-- [ RunTime:0.002000s ]
INFO: [ app_end ] --START--
INFO: Run Behavior\ShowPageTraceBehavior [ RunTime:0.001000s ]
INFO: [ app_end ] --END-- [ RunTime:0.001000s ]

[ 2017-06-13T16:24:58+08:00 ] 192.168.102.130 /qishi/index.php?m=Mobile&c=ajaxCommon&a=hotword&key=
INFO: [ app_begin ] --START--
INFO: Run Behavior\ReadHtmlCacheBehavior [ RunTime:0.001000s ]
INFO: Run Common\Behavior\CheckIpbanBehavior [ RunTime:0.001000s ]
NOTIC: [2] include(./Application/Mobile/Lang/zh-cn/empty.php): failed to open stream: No such file or directory D:\phpwork\qishi\Application\Common\Behavior\CheckLangBehavior.class.php 第 90 行.
NOTIC: [2] include(): Failed opening './Application/Mobile/Lang/zh-cn/empty.php' for inclusion (include_path='.;D:/xampps/htdocs') D:\phpwork\qishi\Application\Common\Behavior\CheckLangBehavior.class.php 第 90 行.
NOTIC: [2] include(./Application/Mobile/Lang/zh-cn/empty.php): failed to open stream: No such file or directory D:\phpwork\qishi\Application\Common\Behavior\CheckLangBehavior.class.php 第 91 行.
NOTIC: [2] include(): Failed opening './Application/Mobile/Lang/zh-cn/empty.php' for inclusion (include_path='.;D:/xampps/htdocs') D:\phpwork\qishi\Application\Common\Behavior\CheckLangBehavior.class.php 第 91 行.
NOTIC: [2] array_merge(): Argument #4 is not an array D:\phpwork\qishi\Application\Common\Behavior\CheckLangBehavior.class.php 第 93 行.
INFO: Run Common\Behavior\CheckLangBehavior [ RunTime:0.002000s ]
INFO: Run Common\Behavior\CronRunBehavior [ RunTime:0.003000s ]
INFO: Run Common\Behavior\IsMobileBehavior [ RunTime:0.001000s ]
NOTIC: [8] Undefined index: Subsite D:\phpwork\qishi\Application\Common\Behavior\SubsiteBehavior.class.php 第 17 行.
INFO: Run Common\Behavior\SubsiteBehavior [ RunTime:0.001000s ]
INFO: [ app_begin ] --END-- [ RunTime:0.010000s ]
NOTIC: [8] A session had already been started - ignoring session_start() D:\phpwork\qishi\ThinkPHP\Common\functions.php 第 1275 行.
NOTIC: [2048] Declaration of Common\Controller\FrontendController::display() should be compatible with Think\Controller::display($templateFile = '', $charset = '', $contentType = '', $content = '', $prefix = '') D:\phpwork\qishi\Application\Common\Controller\FrontendController.class.php 第 9 行.
NOTIC: [8] Undefined index: Subsite D:\phpwork\qishi\Application\Common\Controller\BaseController.class.php 第 23 行.
NOTIC: [8] A session had already been started - ignoring session_start() D:\phpwork\qishi\ThinkPHP\Common\functions.php 第 1233 行.
NOTIC: [8] A session had already been started - ignoring session_start() D:\phpwork\qishi\ThinkPHP\Common\functions.php 第 1233 行.
SQL: SHOW COLUMNS FROM `qs_members` [ RunTime:0.0030s ]
SQL: SELECT * FROM `qs_members` WHERE `uid` = 1    LIMIT 1  [ RunTime:0.0010s ]
SQL: SHOW COLUMNS FROM `qs_members_info` [ RunTime:0.0030s ]
SQL: SELECT * FROM `qs_members_info` WHERE `uid` = 1    LIMIT 1  [ RunTime:0.0020s ]
NOTIC: [8] Undefined index: weixin_audit D:\phpwork\qishi\Application\Common\Controller\FrontendController.class.php 第 104 行.
NOTIC: [2] Missing argument 1 for Common\Controller\FrontendController::_msgtip(), called in D:\phpwork\qishi\Application\Common\Controller\FrontendController.class.php on line 112 and defined D:\phpwork\qishi\Application\Common\Controller\FrontendController.class.php 第 121 行.
SQL: SHOW COLUMNS FROM `qs_members_msgtip` [ RunTime:0.0030s ]
SQL: SELECT `type`,`update_time`,`unread` FROM `qs_members_msgtip` WHERE `uid` = 1    [ RunTime:0.0000s ]
NOTIC: [8] Undefined variable: unread D:\phpwork\qishi\Application\Common\Controller\FrontendController.class.php 第 124 行.

[ 2017-06-13T16:24:58+08:00 ] 192.168.102.130 /qishi/index.php?m=Mobile&c=ajaxCommon&a=hotword&key=p
INFO: [ app_begin ] --START--
INFO: Run Behavior\ReadHtmlCacheBehavior [ RunTime:0.001000s ]
INFO: Run Common\Behavior\CheckIpbanBehavior [ RunTime:0.001000s ]
NOTIC: [2] include(./Application/Mobile/Lang/zh-cn/empty.php): failed to open stream: No such file or directory D:\phpwork\qishi\Application\Common\Behavior\CheckLangBehavior.class.php 第 90 行.
NOTIC: [2] include(): Failed opening './Application/Mobile/Lang/zh-cn/empty.php' for inclusion (include_path='.;D:/xampps/htdocs') D:\phpwork\qishi\Application\Common\Behavior\CheckLangBehavior.class.php 第 90 行.
NOTIC: [2] include(./Application/Mobile/Lang/zh-cn/empty.php): failed to open stream: No such file or directory D:\phpwork\qishi\Application\Common\Behavior\CheckLangBehavior.class.php 第 91 行.
NOTIC: [2] include(): Failed opening './Application/Mobile/Lang/zh-cn/empty.php' for inclusion (include_path='.;D:/xampps/htdocs') D:\phpwork\qishi\Application\Common\Behavior\CheckLangBehavior.class.php 第 91 行.
NOTIC: [2] array_merge(): Argument #4 is not an array D:\phpwork\qishi\Application\Common\Behavior\CheckLangBehavior.class.php 第 93 行.
INFO: Run Common\Behavior\CheckLangBehavior [ RunTime:0.002000s ]
INFO: Run Common\Behavior\CronRunBehavior [ RunTime:0.002000s ]
INFO: Run Common\Behavior\IsMobileBehavior [ RunTime:0.002000s ]
NOTIC: [8] Undefined index: Subsite D:\phpwork\qishi\Application\Common\Behavior\SubsiteBehavior.class.php 第 17 行.
INFO: Run Common\Behavior\SubsiteBehavior [ RunTime:0.001000s ]
INFO: [ app_begin ] --END-- [ RunTime:0.009000s ]
NOTIC: [8] A session had already been started - ignoring session_start() D:\phpwork\qishi\ThinkPHP\Common\functions.php 第 1275 行.
NOTIC: [2048] Declaration of Common\Controller\FrontendController::display() should be compatible with Think\Controller::display($templateFile = '', $charset = '', $contentType = '', $content = '', $prefix = '') D:\phpwork\qishi\Application\Common\Controller\FrontendController.class.php 第 9 行.
NOTIC: [8] Undefined index: Subsite D:\phpwork\qishi\Application\Common\Controller\BaseController.class.php 第 23 行.
NOTIC: [8] A session had already been started - ignoring session_start() D:\phpwork\qishi\ThinkPHP\Common\functions.php 第 1233 行.
NOTIC: [8] A session had already been started - ignoring session_start() D:\phpwork\qishi\ThinkPHP\Common\functions.php 第 1233 行.
SQL: SHOW COLUMNS FROM `qs_members` [ RunTime:0.0040s ]
SQL: SELECT * FROM `qs_members` WHERE `uid` = 1    LIMIT 1  [ RunTime:0.0010s ]
SQL: SHOW COLUMNS FROM `qs_members_info` [ RunTime:0.0040s ]
SQL: SELECT * FROM `qs_members_info` WHERE `uid` = 1    LIMIT 1  [ RunTime:0.0010s ]
NOTIC: [8] Undefined index: weixin_audit D:\phpwork\qishi\Application\Common\Controller\FrontendController.class.php 第 104 行.
NOTIC: [2] Missing argument 1 for Common\Controller\FrontendController::_msgtip(), called in D:\phpwork\qishi\Application\Common\Controller\FrontendController.class.php on line 112 and defined D:\phpwork\qishi\Application\Common\Controller\FrontendController.class.php 第 121 行.
SQL: SHOW COLUMNS FROM `qs_members_msgtip` [ RunTime:0.0060s ]
SQL: SELECT `type`,`update_time`,`unread` FROM `qs_members_msgtip` WHERE `uid` = 1    [ RunTime:0.0000s ]
NOTIC: [8] Undefined variable: unread D:\phpwork\qishi\Application\Common\Controller\FrontendController.class.php 第 124 行.
SQL: SHOW COLUMNS FROM `qs_hotword` [ RunTime:0.0040s ]
SQL: SELECT * FROM `qs_hotword` WHERE `w_word` LIKE '%p%'   ORDER BY w_hot desc  LIMIT 10  [ RunTime:0.0620s ]
SQL: SELECT * FROM `qs_hotword` WHERE `w_word` = 'p'    LIMIT 1  [ RunTime:0.0010s ]
SQL: UPDATE `qs_hotword` SET `w_hot`=w_hot+1 WHERE `w_id` = 127782 [ RunTime:0.0000s ]

[ 2017-06-13T16:24:59+08:00 ] 192.168.102.130 /qishi/index.php?m=Mobile&c=ajaxCommon&a=hotword&key=php
INFO: [ app_begin ] --START--
INFO: Run Behavior\ReadHtmlCacheBehavior [ RunTime:0.000000s ]
INFO: Run Common\Behavior\CheckIpbanBehavior [ RunTime:0.000000s ]
NOTIC: [2] include(./Application/Mobile/Lang/zh-cn/empty.php): failed to open stream: No such file or directory D:\phpwork\qishi\Application\Common\Behavior\CheckLangBehavior.class.php 第 90 行.
NOTIC: [2] include(): Failed opening './Application/Mobile/Lang/zh-cn/empty.php' for inclusion (include_path='.;D:/xampps/htdocs') D:\phpwork\qishi\Application\Common\Behavior\CheckLangBehavior.class.php 第 90 行.
NOTIC: [2] include(./Application/Mobile/Lang/zh-cn/empty.php): failed to open stream: No such file or directory D:\phpwork\qishi\Application\Common\Behavior\CheckLangBehavior.class.php 第 91 行.
NOTIC: [2] include(): Failed opening './Application/Mobile/Lang/zh-cn/empty.php' for inclusion (include_path='.;D:/xampps/htdocs') D:\phpwork\qishi\Application\Common\Behavior\CheckLangBehavior.class.php 第 91 行.
NOTIC: [2] array_merge(): Argument #4 is not an array D:\phpwork\qishi\Application\Common\Behavior\CheckLangBehavior.class.php 第 93 行.
INFO: Run Common\Behavior\CheckLangBehavior [ RunTime:0.002001s ]
INFO: Run Common\Behavior\CronRunBehavior [ RunTime:0.002000s ]
INFO: Run Common\Behavior\IsMobileBehavior [ RunTime:0.011000s ]
NOTIC: [8] Undefined index: Subsite D:\phpwork\qishi\Application\Common\Behavior\SubsiteBehavior.class.php 第 17 行.
INFO: Run Common\Behavior\SubsiteBehavior [ RunTime:0.000000s ]
INFO: [ app_begin ] --END-- [ RunTime:0.017001s ]
NOTIC: [8] A session had already been started - ignoring session_start() D:\phpwork\qishi\ThinkPHP\Common\functions.php 第 1275 行.
NOTIC: [2048] Declaration of Common\Controller\FrontendController::display() should be compatible with Think\Controller::display($templateFile = '', $charset = '', $contentType = '', $content = '', $prefix = '') D:\phpwork\qishi\Application\Common\Controller\FrontendController.class.php 第 9 行.
NOTIC: [8] Undefined index: Subsite D:\phpwork\qishi\Application\Common\Controller\BaseController.class.php 第 23 行.
NOTIC: [8] A session had already been started - ignoring session_start() D:\phpwork\qishi\ThinkPHP\Common\functions.php 第 1233 行.
NOTIC: [8] A session had already been started - ignoring session_start() D:\phpwork\qishi\ThinkPHP\Common\functions.php 第 1233 行.
SQL: SHOW COLUMNS FROM `qs_members` [ RunTime:0.0050s ]
SQL: SELECT * FROM `qs_members` WHERE `uid` = 1    LIMIT 1  [ RunTime:0.0010s ]
SQL: SHOW COLUMNS FROM `qs_members_info` [ RunTime:0.0080s ]
SQL: SELECT * FROM `qs_members_info` WHERE `uid` = 1    LIMIT 1  [ RunTime:0.0000s ]
NOTIC: [8] Undefined index: weixin_audit D:\phpwork\qishi\Application\Common\Controller\FrontendController.class.php 第 104 行.
NOTIC: [2] Missing argument 1 for Common\Controller\FrontendController::_msgtip(), called in D:\phpwork\qishi\Application\Common\Controller\FrontendController.class.php on line 112 and defined D:\phpwork\qishi\Application\Common\Controller\FrontendController.class.php 第 121 行.
SQL: SHOW COLUMNS FROM `qs_members_msgtip` [ RunTime:0.0040s ]
SQL: SELECT `type`,`update_time`,`unread` FROM `qs_members_msgtip` WHERE `uid` = 1    [ RunTime:0.0000s ]
NOTIC: [8] Undefined variable: unread D:\phpwork\qishi\Application\Common\Controller\FrontendController.class.php 第 124 行.
SQL: SHOW COLUMNS FROM `qs_hotword` [ RunTime:0.0030s ]
SQL: SELECT * FROM `qs_hotword` WHERE `w_word` LIKE '%php%'   ORDER BY w_hot desc  LIMIT 10  [ RunTime:0.0580s ]
SQL: SELECT * FROM `qs_hotword` WHERE `w_word` = 'php'    LIMIT 1  [ RunTime:0.0010s ]
SQL: UPDATE `qs_hotword` SET `w_hot`=w_hot+1 WHERE `w_id` = 127783 [ RunTime:0.0010s ]

[ 2017-06-13T16:24:59+08:00 ] 192.168.102.130 /qishi/index.php?m=Mobile&c=ajaxCommon&a=hotword&key=php
INFO: [ app_begin ] --START--
INFO: Run Behavior\ReadHtmlCacheBehavior [ RunTime:0.000000s ]
INFO: Run Common\Behavior\CheckIpbanBehavior [ RunTime:0.001000s ]
NOTIC: [2] include(./Application/Mobile/Lang/zh-cn/empty.php): failed to open stream: No such file or directory D:\phpwork\qishi\Application\Common\Behavior\CheckLangBehavior.class.php 第 90 行.
NOTIC: [2] include(): Failed opening './Application/Mobile/Lang/zh-cn/empty.php' for inclusion (include_path='.;D:/xampps/htdocs') D:\phpwork\qishi\Application\Common\Behavior\CheckLangBehavior.class.php 第 90 行.
NOTIC: [2] include(./Application/Mobile/Lang/zh-cn/empty.php): failed to open stream: No such file or directory D:\phpwork\qishi\Application\Common\Behavior\CheckLangBehavior.class.php 第 91 行.
NOTIC: [2] include(): Failed opening './Application/Mobile/Lang/zh-cn/empty.php' for inclusion (include_path='.;D:/xampps/htdocs') D:\phpwork\qishi\Application\Common\Behavior\CheckLangBehavior.class.php 第 91 行.
NOTIC: [2] array_merge(): Argument #4 is not an array D:\phpwork\qishi\Application\Common\Behavior\CheckLangBehavior.class.php 第 93 行.
INFO: Run Common\Behavior\CheckLangBehavior [ RunTime:0.002000s ]
INFO: Run Common\Behavior\CronRunBehavior [ RunTime:0.002000s ]
INFO: Run Common\Behavior\IsMobileBehavior [ RunTime:0.003000s ]
NOTIC: [8] Undefined index: Subsite D:\phpwork\qishi\Application\Common\Behavior\SubsiteBehavior.class.php 第 17 行.
INFO: Run Common\Behavior\SubsiteBehavior [ RunTime:0.001000s ]
INFO: [ app_begin ] --END-- [ RunTime:0.010000s ]
NOTIC: [8] A session had already been started - ignoring session_start() D:\phpwork\qishi\ThinkPHP\Common\functions.php 第 1275 行.
NOTIC: [2048] Declaration of Common\Controller\FrontendController::display() should be compatible with Think\Controller::display($templateFile = '', $charset = '', $contentType = '', $content = '', $prefix = '') D:\phpwork\qishi\Application\Common\Controller\FrontendController.class.php 第 9 行.
NOTIC: [8] Undefined index: Subsite D:\phpwork\qishi\Application\Common\Controller\BaseController.class.php 第 23 行.
NOTIC: [8] A session had already been started - ignoring session_start() D:\phpwork\qishi\ThinkPHP\Common\functions.php 第 1233 行.
NOTIC: [8] A session had already been started - ignoring session_start() D:\phpwork\qishi\ThinkPHP\Common\functions.php 第 1233 行.
SQL: SHOW COLUMNS FROM `qs_members` [ RunTime:0.0070s ]
SQL: SELECT * FROM `qs_members` WHERE `uid` = 1    LIMIT 1  [ RunTime:0.0010s ]
SQL: SHOW COLUMNS FROM `qs_members_info` [ RunTime:0.0080s ]
SQL: SELECT * FROM `qs_members_info` WHERE `uid` = 1    LIMIT 1  [ RunTime:0.0010s ]
NOTIC: [8] Undefined index: weixin_audit D:\phpwork\qishi\Application\Common\Controller\FrontendController.class.php 第 104 行.
NOTIC: [2] Missing argument 1 for Common\Controller\FrontendController::_msgtip(), called in D:\phpwork\qishi\Application\Common\Controller\FrontendController.class.php on line 112 and defined D:\phpwork\qishi\Application\Common\Controller\FrontendController.class.php 第 121 行.
SQL: SHOW COLUMNS FROM `qs_members_msgtip` [ RunTime:0.0030s ]
SQL: SELECT `type`,`update_time`,`unread` FROM `qs_members_msgtip` WHERE `uid` = 1    [ RunTime:0.0000s ]
NOTIC: [8] Undefined variable: unread D:\phpwork\qishi\Application\Common\Controller\FrontendController.class.php 第 124 行.
SQL: SHOW COLUMNS FROM `qs_hotword` [ RunTime:0.0070s ]
SQL: SELECT * FROM `qs_hotword` WHERE `w_word` LIKE '%php%'   ORDER BY w_hot desc  LIMIT 10  [ RunTime:0.0280s ]
SQL: SELECT * FROM `qs_hotword` WHERE `w_word` = 'php'    LIMIT 1  [ RunTime:0.0010s ]
SQL: UPDATE `qs_hotword` SET `w_hot`=w_hot+1 WHERE `w_id` = 127783 [ RunTime:0.0010s ]

[ 2017-06-13T16:25:05+08:00 ] 192.168.102.130 /qishi/index.php?m=Mobile&c=AjaxCommon&a=jobs_click&id=1
INFO: [ app_begin ] --START--
INFO: Run Behavior\ReadHtmlCacheBehavior [ RunTime:0.000000s ]
INFO: Run Common\Behavior\CheckIpbanBehavior [ RunTime:0.001000s ]
NOTIC: [2] include(./Application/Mobile/Lang/zh-cn/empty.php): failed to open stream: No such file or directory D:\phpwork\qishi\Application\Common\Behavior\CheckLangBehavior.class.php 第 90 行.
NOTIC: [2] include(): Failed opening './Application/Mobile/Lang/zh-cn/empty.php' for inclusion (include_path='.;D:/xampps/htdocs') D:\phpwork\qishi\Application\Common\Behavior\CheckLangBehavior.class.php 第 90 行.
NOTIC: [2] include(./Application/Mobile/Lang/zh-cn/empty.php): failed to open stream: No such file or directory D:\phpwork\qishi\Application\Common\Behavior\CheckLangBehavior.class.php 第 91 行.
NOTIC: [2] include(): Failed opening './Application/Mobile/Lang/zh-cn/empty.php' for inclusion (include_path='.;D:/xampps/htdocs') D:\phpwork\qishi\Application\Common\Behavior\CheckLangBehavior.class.php 第 91 行.
NOTIC: [2] array_merge(): Argument #4 is not an array D:\phpwork\qishi\Application\Common\Behavior\CheckLangBehavior.class.php 第 93 行.
INFO: Run Common\Behavior\CheckLangBehavior [ RunTime:0.002000s ]
INFO: Run Common\Behavior\CronRunBehavior [ RunTime:0.003000s ]
INFO: Run Common\Behavior\IsMobileBehavior [ RunTime:0.001000s ]
NOTIC: [8] Undefined index: Subsite D:\phpwork\qishi\Application\Common\Behavior\SubsiteBehavior.class.php 第 17 行.
INFO: Run Common\Behavior\SubsiteBehavior [ RunTime:0.000000s ]
INFO: [ app_begin ] --END-- [ RunTime:0.009000s ]
NOTIC: [8] A session had already been started - ignoring session_start() D:\phpwork\qishi\ThinkPHP\Common\functions.php 第 1275 行.
NOTIC: [2048] Declaration of Common\Controller\FrontendController::display() should be compatible with Think\Controller::display($templateFile = '', $charset = '', $contentType = '', $content = '', $prefix = '') D:\phpwork\qishi\Application\Common\Controller\FrontendController.class.php 第 9 行.
NOTIC: [8] Undefined index: Subsite D:\phpwork\qishi\Application\Common\Controller\BaseController.class.php 第 23 行.
NOTIC: [8] A session had already been started - ignoring session_start() D:\phpwork\qishi\ThinkPHP\Common\functions.php 第 1233 行.
NOTIC: [8] A session had already been started - ignoring session_start() D:\phpwork\qishi\ThinkPHP\Common\functions.php 第 1233 行.
SQL: SHOW COLUMNS FROM `qs_members` [ RunTime:0.0040s ]
SQL: SELECT * FROM `qs_members` WHERE `uid` = 1    LIMIT 1  [ RunTime:0.0010s ]
SQL: SHOW COLUMNS FROM `qs_members_info` [ RunTime:0.0030s ]
SQL: SELECT * FROM `qs_members_info` WHERE `uid` = 1    LIMIT 1  [ RunTime:0.0010s ]
NOTIC: [8] Undefined index: weixin_audit D:\phpwork\qishi\Application\Common\Controller\FrontendController.class.php 第 104 行.
NOTIC: [2] Missing argument 1 for Common\Controller\FrontendController::_msgtip(), called in D:\phpwork\qishi\Application\Common\Controller\FrontendController.class.php on line 112 and defined D:\phpwork\qishi\Application\Common\Controller\FrontendController.class.php 第 121 行.
SQL: SHOW COLUMNS FROM `qs_members_msgtip` [ RunTime:0.0040s ]
SQL: SELECT `type`,`update_time`,`unread` FROM `qs_members_msgtip` WHERE `uid` = 1    [ RunTime:0.0010s ]
NOTIC: [8] Undefined variable: unread D:\phpwork\qishi\Application\Common\Controller\FrontendController.class.php 第 124 行.
SQL: SHOW COLUMNS FROM `qs_jobs` [ RunTime:0.0090s ]
SQL: SELECT * FROM `qs_jobs` WHERE `id` = 1    LIMIT 1  [ RunTime:0.0010s ]
SQL: SHOW COLUMNS FROM `qs_jobs_search` [ RunTime:0.0040s ]
SQL: UPDATE `qs_jobs_search` SET `click`=click+1 WHERE `id` = 1 [ RunTime:0.0010s ]
SQL: SHOW COLUMNS FROM `qs_jobs_search_key` [ RunTime:0.0060s ]
SQL: UPDATE `qs_jobs_search_key` SET `click`=click+1 WHERE `id` = 1 [ RunTime:0.0010s ]
SQL: UPDATE `qs_jobs` SET `click`=click+1 WHERE `id` = 1 [ RunTime:0.0010s ]
SQL: SELECT `click` FROM `qs_jobs` WHERE `id` = 1    LIMIT 1  [ RunTime:0.0010s ]

[ 2017-06-13T16:25:05+08:00 ] 192.168.102.130 /qishi/index.php?m=Mobile&c=AjaxCommon&a=company_statistics_add&comid=1&jobid=1
INFO: [ app_begin ] --START--
INFO: Run Behavior\ReadHtmlCacheBehavior [ RunTime:0.000000s ]
INFO: Run Common\Behavior\CheckIpbanBehavior [ RunTime:0.001000s ]
NOTIC: [2] include(./Application/Mobile/Lang/zh-cn/empty.php): failed to open stream: No such file or directory D:\phpwork\qishi\Application\Common\Behavior\CheckLangBehavior.class.php 第 90 行.
NOTIC: [2] include(): Failed opening './Application/Mobile/Lang/zh-cn/empty.php' for inclusion (include_path='.;D:/xampps/htdocs') D:\phpwork\qishi\Application\Common\Behavior\CheckLangBehavior.class.php 第 90 行.
NOTIC: [2] include(./Application/Mobile/Lang/zh-cn/empty.php): failed to open stream: No such file or directory D:\phpwork\qishi\Application\Common\Behavior\CheckLangBehavior.class.php 第 91 行.
NOTIC: [2] include(): Failed opening './Application/Mobile/Lang/zh-cn/empty.php' for inclusion (include_path='.;D:/xampps/htdocs') D:\phpwork\qishi\Application\Common\Behavior\CheckLangBehavior.class.php 第 91 行.
NOTIC: [2] array_merge(): Argument #4 is not an array D:\phpwork\qishi\Application\Common\Behavior\CheckLangBehavior.class.php 第 93 行.
INFO: Run Common\Behavior\CheckLangBehavior [ RunTime:0.002000s ]
INFO: Run Common\Behavior\CronRunBehavior [ RunTime:0.002000s ]
INFO: Run Common\Behavior\IsMobileBehavior [ RunTime:0.001000s ]
NOTIC: [8] Undefined index: Subsite D:\phpwork\qishi\Application\Common\Behavior\SubsiteBehavior.class.php 第 17 行.
INFO: Run Common\Behavior\SubsiteBehavior [ RunTime:0.001000s ]
INFO: [ app_begin ] --END-- [ RunTime:0.008000s ]
NOTIC: [8] A session had already been started - ignoring session_start() D:\phpwork\qishi\ThinkPHP\Common\functions.php 第 1275 行.
NOTIC: [2048] Declaration of Common\Controller\FrontendController::display() should be compatible with Think\Controller::display($templateFile = '', $charset = '', $contentType = '', $content = '', $prefix = '') D:\phpwork\qishi\Application\Common\Controller\FrontendController.class.php 第 9 行.
NOTIC: [8] Undefined index: Subsite D:\phpwork\qishi\Application\Common\Controller\BaseController.class.php 第 23 行.
NOTIC: [8] A session had already been started - ignoring session_start() D:\phpwork\qishi\ThinkPHP\Common\functions.php 第 1233 行.
NOTIC: [8] A session had already been started - ignoring session_start() D:\phpwork\qishi\ThinkPHP\Common\functions.php 第 1233 行.
SQL: SHOW COLUMNS FROM `qs_members` [ RunTime:0.0060s ]
SQL: SELECT * FROM `qs_members` WHERE `uid` = 1    LIMIT 1  [ RunTime:0.0010s ]
SQL: SHOW COLUMNS FROM `qs_members_info` [ RunTime:0.0080s ]
SQL: SELECT * FROM `qs_members_info` WHERE `uid` = 1    LIMIT 1  [ RunTime:0.0010s ]
NOTIC: [8] Undefined index: weixin_audit D:\phpwork\qishi\Application\Common\Controller\FrontendController.class.php 第 104 行.
NOTIC: [2] Missing argument 1 for Common\Controller\FrontendController::_msgtip(), called in D:\phpwork\qishi\Application\Common\Controller\FrontendController.class.php on line 112 and defined D:\phpwork\qishi\Application\Common\Controller\FrontendController.class.php 第 121 行.
SQL: SHOW COLUMNS FROM `qs_members_msgtip` [ RunTime:0.0070s ]
SQL: SELECT `type`,`update_time`,`unread` FROM `qs_members_msgtip` WHERE `uid` = 1    [ RunTime:0.0010s ]
NOTIC: [8] Undefined variable: unread D:\phpwork\qishi\Application\Common\Controller\FrontendController.class.php 第 124 行.
SQL: SHOW COLUMNS FROM `qs_company_statistics` [ RunTime:0.0060s ]
NOTIC: [8] Undefined index: validate D:\phpwork\qishi\ThinkPHP\Library\Think\Model.class.php 第 1236 行.
NOTIC: [8] Undefined index: auto D:\phpwork\qishi\ThinkPHP\Library\Think\Model.class.php 第 1179 行.
NOTIC: [2] Illegal offset type in isset or empty D:\phpwork\qishi\ThinkPHP\Library\Think\Model.class.php 第 251 行.
NOTIC: [2] Illegal offset type D:\phpwork\qishi\ThinkPHP\Library\Think\Model.class.php 第 252 行.
NOTIC: [8] Array to string conversion D:\phpwork\qishi\ThinkPHP\Library\Think\Model.class.php 第 726 行.
NOTIC: [2] Illegal offset type in isset or empty D:\phpwork\qishi\ThinkPHP\Library\Think\Model.class.php 第 726 行.
SQL: INSERT INTO `qs_company_statistics` (`comid`,`jobid`,`uid`,`source`,`apply`,`addtime`,`viewtime`,`id`) VALUES ('1','1','1','2','0','1497283200','1497342305','0') [ RunTime:0.0110s ]
INFO: [ app_end ] --START--
INFO: Run Behavior\ShowPageTraceBehavior [ RunTime:0.001000s ]
INFO: [ app_end ] --END-- [ RunTime:0.001000s ]

[ 2017-06-13T16:25:50+08:00 ] 192.168.102.130 /qishi/index.php?m=Mobile&c=AjaxCommon&a=company_statistics_add&comid=1&jobid=1
INFO: [ app_begin ] --START--
INFO: Run Behavior\ReadHtmlCacheBehavior [ RunTime:0.000000s ]
INFO: Run Common\Behavior\CheckIpbanBehavior [ RunTime:0.001000s ]
NOTIC: [2] include(./Application/Mobile/Lang/zh-cn/empty.php): failed to open stream: No such file or directory D:\phpwork\qishi\Application\Common\Behavior\CheckLangBehavior.class.php 第 90 行.
NOTIC: [2] include(): Failed opening './Application/Mobile/Lang/zh-cn/empty.php' for inclusion (include_path='.;D:/xampps/htdocs') D:\phpwork\qishi\Application\Common\Behavior\CheckLangBehavior.class.php 第 90 行.
NOTIC: [2] include(./Application/Mobile/Lang/zh-cn/empty.php): failed to open stream: No such file or directory D:\phpwork\qishi\Application\Common\Behavior\CheckLangBehavior.class.php 第 91 行.
NOTIC: [2] include(): Failed opening './Application/Mobile/Lang/zh-cn/empty.php' for inclusion (include_path='.;D:/xampps/htdocs') D:\phpwork\qishi\Application\Common\Behavior\CheckLangBehavior.class.php 第 91 行.
NOTIC: [2] array_merge(): Argument #4 is not an array D:\phpwork\qishi\Application\Common\Behavior\CheckLangBehavior.class.php 第 93 行.
INFO: Run Common\Behavior\CheckLangBehavior [ RunTime:0.002001s ]
INFO: Run Common\Behavior\CronRunBehavior [ RunTime:0.002000s ]
INFO: Run Common\Behavior\IsMobileBehavior [ RunTime:0.001000s ]
NOTIC: [8] Undefined index: Subsite D:\phpwork\qishi\Application\Common\Behavior\SubsiteBehavior.class.php 第 17 行.
INFO: Run Common\Behavior\SubsiteBehavior [ RunTime:0.001000s ]
INFO: [ app_begin ] --END-- [ RunTime:0.008001s ]
NOTIC: [8] A session had already been started - ignoring session_start() D:\phpwork\qishi\ThinkPHP\Common\functions.php 第 1275 行.
NOTIC: [2048] Declaration of Common\Controller\FrontendController::display() should be compatible with Think\Controller::display($templateFile = '', $charset = '', $contentType = '', $content = '', $prefix = '') D:\phpwork\qishi\Application\Common\Controller\FrontendController.class.php 第 9 行.
NOTIC: [8] Undefined index: Subsite D:\phpwork\qishi\Application\Common\Controller\BaseController.class.php 第 23 行.
NOTIC: [8] A session had already been started - ignoring session_start() D:\phpwork\qishi\ThinkPHP\Common\functions.php 第 1233 行.
NOTIC: [8] A session had already been started - ignoring session_start() D:\phpwork\qishi\ThinkPHP\Common\functions.php 第 1233 行.
SQL: SHOW COLUMNS FROM `qs_members` [ RunTime:0.0050s ]
SQL: SELECT * FROM `qs_members` WHERE `uid` = 1    LIMIT 1  [ RunTime:0.0010s ]
SQL: SHOW COLUMNS FROM `qs_members_info` [ RunTime:0.0060s ]
SQL: SELECT * FROM `qs_members_info` WHERE `uid` = 1    LIMIT 1  [ RunTime:0.0010s ]
NOTIC: [8] Undefined index: weixin_audit D:\phpwork\qishi\Application\Common\Controller\FrontendController.class.php 第 104 行.
NOTIC: [2] Missing argument 1 for Common\Controller\FrontendController::_msgtip(), called in D:\phpwork\qishi\Application\Common\Controller\FrontendController.class.php on line 112 and defined D:\phpwork\qishi\Application\Common\Controller\FrontendController.class.php 第 121 行.
SQL: SHOW COLUMNS FROM `qs_members_msgtip` [ RunTime:0.0040s ]
SQL: SELECT `type`,`update_time`,`unread` FROM `qs_members_msgtip` WHERE `uid` = 1    [ RunTime:0.0010s ]
NOTIC: [8] Undefined variable: unread D:\phpwork\qishi\Application\Common\Controller\FrontendController.class.php 第 124 行.
SQL: SHOW COLUMNS FROM `qs_company_statistics` [ RunTime:0.0070s ]
NOTIC: [8] Undefined index: validate D:\phpwork\qishi\ThinkPHP\Library\Think\Model.class.php 第 1236 行.
NOTIC: [8] Undefined index: auto D:\phpwork\qishi\ThinkPHP\Library\Think\Model.class.php 第 1179 行.
NOTIC: [2] Illegal offset type in isset or empty D:\phpwork\qishi\ThinkPHP\Library\Think\Model.class.php 第 251 行.
NOTIC: [2] Illegal offset type D:\phpwork\qishi\ThinkPHP\Library\Think\Model.class.php 第 252 行.
NOTIC: [8] Array to string conversion D:\phpwork\qishi\ThinkPHP\Library\Think\Model.class.php 第 726 行.
NOTIC: [2] Illegal offset type in isset or empty D:\phpwork\qishi\ThinkPHP\Library\Think\Model.class.php 第 726 行.
SQL: INSERT INTO `qs_company_statistics` (`comid`,`jobid`,`uid`,`source`,`apply`,`addtime`,`viewtime`,`id`) VALUES ('1','1','1','2','0','1497283200','1497342350','0') [ RunTime:0.0010s ]
INFO: [ app_end ] --START--
INFO: Run Behavior\ShowPageTraceBehavior [ RunTime:0.000000s ]
INFO: [ app_end ] --END-- [ RunTime:0.000000s ]

[ 2017-06-13T16:25:50+08:00 ] 192.168.102.130 /qishi/index.php?m=Mobile&c=AjaxCommon&a=jobs_click&id=1
INFO: [ app_begin ] --START--
INFO: Run Behavior\ReadHtmlCacheBehavior [ RunTime:0.003000s ]
INFO: Run Common\Behavior\CheckIpbanBehavior [ RunTime:0.041002s ]
NOTIC: [2] include(./Application/Mobile/Lang/zh-cn/empty.php): failed to open stream: No such file or directory D:\phpwork\qishi\Application\Common\Behavior\CheckLangBehavior.class.php 第 90 行.
NOTIC: [2] include(): Failed opening './Application/Mobile/Lang/zh-cn/empty.php' for inclusion (include_path='.;D:/xampps/htdocs') D:\phpwork\qishi\Application\Common\Behavior\CheckLangBehavior.class.php 第 90 行.
NOTIC: [2] include(./Application/Mobile/Lang/zh-cn/empty.php): failed to open stream: No such file or directory D:\phpwork\qishi\Application\Common\Behavior\CheckLangBehavior.class.php 第 91 行.
NOTIC: [2] include(): Failed opening './Application/Mobile/Lang/zh-cn/empty.php' for inclusion (include_path='.;D:/xampps/htdocs') D:\phpwork\qishi\Application\Common\Behavior\CheckLangBehavior.class.php 第 91 行.
NOTIC: [2] array_merge(): Argument #4 is not an array D:\phpwork\qishi\Application\Common\Behavior\CheckLangBehavior.class.php 第 93 行.
INFO: Run Common\Behavior\CheckLangBehavior [ RunTime:0.002001s ]
INFO: Run Common\Behavior\CronRunBehavior [ RunTime:0.002000s ]
INFO: Run Common\Behavior\IsMobileBehavior [ RunTime:0.002000s ]
NOTIC: [8] Undefined index: Subsite D:\phpwork\qishi\Application\Common\Behavior\SubsiteBehavior.class.php 第 17 行.
INFO: Run Common\Behavior\SubsiteBehavior [ RunTime:0.000000s ]
INFO: [ app_begin ] --END-- [ RunTime:0.050003s ]
NOTIC: [8] A session had already been started - ignoring session_start() D:\phpwork\qishi\ThinkPHP\Common\functions.php 第 1275 行.
NOTIC: [2048] Declaration of Common\Controller\FrontendController::display() should be compatible with Think\Controller::display($templateFile = '', $charset = '', $contentType = '', $content = '', $prefix = '') D:\phpwork\qishi\Application\Common\Controller\FrontendController.class.php 第 9 行.
NOTIC: [8] Undefined index: Subsite D:\phpwork\qishi\Application\Common\Controller\BaseController.class.php 第 23 行.
NOTIC: [8] A session had already been started - ignoring session_start() D:\phpwork\qishi\ThinkPHP\Common\functions.php 第 1233 行.
NOTIC: [8] A session had already been started - ignoring session_start() D:\phpwork\qishi\ThinkPHP\Common\functions.php 第 1233 行.
SQL: SHOW COLUMNS FROM `qs_members` [ RunTime:0.0080s ]
SQL: SELECT * FROM `qs_members` WHERE `uid` = 1    LIMIT 1  [ RunTime:0.0010s ]
SQL: SHOW COLUMNS FROM `qs_members_info` [ RunTime:0.0050s ]
SQL: SELECT * FROM `qs_members_info` WHERE `uid` = 1    LIMIT 1  [ RunTime:0.0010s ]
NOTIC: [8] Undefined index: weixin_audit D:\phpwork\qishi\Application\Common\Controller\FrontendController.class.php 第 104 行.
NOTIC: [2] Missing argument 1 for Common\Controller\FrontendController::_msgtip(), called in D:\phpwork\qishi\Application\Common\Controller\FrontendController.class.php on line 112 and defined D:\phpwork\qishi\Application\Common\Controller\FrontendController.class.php 第 121 行.
SQL: SHOW COLUMNS FROM `qs_members_msgtip` [ RunTime:0.0060s ]
SQL: SELECT `type`,`update_time`,`unread` FROM `qs_members_msgtip` WHERE `uid` = 1    [ RunTime:0.0010s ]
NOTIC: [8] Undefined variable: unread D:\phpwork\qishi\Application\Common\Controller\FrontendController.class.php 第 124 行.
SQL: SHOW COLUMNS FROM `qs_jobs` [ RunTime:0.0050s ]
SQL: SELECT * FROM `qs_jobs` WHERE `id` = 1    LIMIT 1  [ RunTime:0.0010s ]
SQL: SHOW COLUMNS FROM `qs_jobs_search` [ RunTime:0.0050s ]
SQL: UPDATE `qs_jobs_search` SET `click`=click+1 WHERE `id` = 1 [ RunTime:0.0000s ]
SQL: SHOW COLUMNS FROM `qs_jobs_search_key` [ RunTime:0.0030s ]
SQL: UPDATE `qs_jobs_search_key` SET `click`=click+1 WHERE `id` = 1 [ RunTime:0.0000s ]
SQL: UPDATE `qs_jobs` SET `click`=click+1 WHERE `id` = 1 [ RunTime:0.0010s ]
SQL: SELECT `click` FROM `qs_jobs` WHERE `id` = 1    LIMIT 1  [ RunTime:0.0000s ]

[ 2017-06-13T16:30:30+08:00 ] 192.168.102.130 /qishi/index.php?m=Mobile&c=AjaxCommon&a=jobs_click&id=1
INFO: [ app_begin ] --START--
INFO: Run Behavior\ReadHtmlCacheBehavior [ RunTime:0.000000s ]
INFO: Run Common\Behavior\CheckIpbanBehavior [ RunTime:0.001000s ]
NOTIC: [2] include(./Application/Mobile/Lang/zh-cn/empty.php): failed to open stream: No such file or directory D:\phpwork\qishi\Application\Common\Behavior\CheckLangBehavior.class.php 第 90 行.
NOTIC: [2] include(): Failed opening './Application/Mobile/Lang/zh-cn/empty.php' for inclusion (include_path='.;D:/xampps/htdocs') D:\phpwork\qishi\Application\Common\Behavior\CheckLangBehavior.class.php 第 90 行.
NOTIC: [2] include(./Application/Mobile/Lang/zh-cn/empty.php): failed to open stream: No such file or directory D:\phpwork\qishi\Application\Common\Behavior\CheckLangBehavior.class.php 第 91 行.
NOTIC: [2] include(): Failed opening './Application/Mobile/Lang/zh-cn/empty.php' for inclusion (include_path='.;D:/xampps/htdocs') D:\phpwork\qishi\Application\Common\Behavior\CheckLangBehavior.class.php 第 91 行.
NOTIC: [2] array_merge(): Argument #4 is not an array D:\phpwork\qishi\Application\Common\Behavior\CheckLangBehavior.class.php 第 93 行.
INFO: Run Common\Behavior\CheckLangBehavior [ RunTime:0.002000s ]
INFO: Run Common\Behavior\CronRunBehavior [ RunTime:0.002000s ]
INFO: Run Common\Behavior\IsMobileBehavior [ RunTime:0.002000s ]
NOTIC: [8] Undefined index: Subsite D:\phpwork\qishi\Application\Common\Behavior\SubsiteBehavior.class.php 第 17 行.
INFO: Run Common\Behavior\SubsiteBehavior [ RunTime:0.000000s ]
INFO: [ app_begin ] --END-- [ RunTime:0.008000s ]
NOTIC: [8] A session had already been started - ignoring session_start() D:\phpwork\qishi\ThinkPHP\Common\functions.php 第 1275 行.
NOTIC: [2048] Declaration of Common\Controller\FrontendController::display() should be compatible with Think\Controller::display($templateFile = '', $charset = '', $contentType = '', $content = '', $prefix = '') D:\phpwork\qishi\Application\Common\Controller\FrontendController.class.php 第 9 行.
NOTIC: [8] Undefined index: Subsite D:\phpwork\qishi\Application\Common\Controller\BaseController.class.php 第 23 行.
NOTIC: [8] A session had already been started - ignoring session_start() D:\phpwork\qishi\ThinkPHP\Common\functions.php 第 1233 行.
NOTIC: [8] A session had already been started - ignoring session_start() D:\phpwork\qishi\ThinkPHP\Common\functions.php 第 1233 行.
SQL: SHOW COLUMNS FROM `qs_members` [ RunTime:0.0030s ]
SQL: SELECT * FROM `qs_members` WHERE `uid` = 1    LIMIT 1  [ RunTime:0.0010s ]
SQL: SHOW COLUMNS FROM `qs_members_info` [ RunTime:0.0040s ]
SQL: SELECT * FROM `qs_members_info` WHERE `uid` = 1    LIMIT 1  [ RunTime:0.0010s ]
NOTIC: [8] Undefined index: weixin_audit D:\phpwork\qishi\Application\Common\Controller\FrontendController.class.php 第 104 行.
NOTIC: [2] Missing argument 1 for Common\Controller\FrontendController::_msgtip(), called in D:\phpwork\qishi\Application\Common\Controller\FrontendController.class.php on line 112 and defined D:\phpwork\qishi\Application\Common\Controller\FrontendController.class.php 第 121 行.
SQL: SHOW COLUMNS FROM `qs_members_msgtip` [ RunTime:0.0050s ]
SQL: SELECT `type`,`update_time`,`unread` FROM `qs_members_msgtip` WHERE `uid` = 1    [ RunTime:0.0000s ]
NOTIC: [8] Undefined variable: unread D:\phpwork\qishi\Application\Common\Controller\FrontendController.class.php 第 124 行.
SQL: SHOW COLUMNS FROM `qs_jobs` [ RunTime:0.0040s ]
SQL: SELECT * FROM `qs_jobs` WHERE `id` = 1    LIMIT 1  [ RunTime:0.0010s ]
SQL: SHOW COLUMNS FROM `qs_jobs_search` [ RunTime:0.0110s ]
SQL: UPDATE `qs_jobs_search` SET `click`=click+1 WHERE `id` = 1 [ RunTime:0.0010s ]
SQL: SHOW COLUMNS FROM `qs_jobs_search_key` [ RunTime:0.0040s ]
SQL: UPDATE `qs_jobs_search_key` SET `click`=click+1 WHERE `id` = 1 [ RunTime:0.0030s ]
SQL: UPDATE `qs_jobs` SET `click`=click+1 WHERE `id` = 1 [ RunTime:0.0010s ]
SQL: SELECT `click` FROM `qs_jobs` WHERE `id` = 1    LIMIT 1  [ RunTime:0.0010s ]

[ 2017-06-13T16:30:31+08:00 ] 192.168.102.130 /qishi/index.php?m=Mobile&c=AjaxCommon&a=company_statistics_add&comid=1&jobid=1
INFO: [ app_begin ] --START--
INFO: Run Behavior\ReadHtmlCacheBehavior [ RunTime:0.001000s ]
INFO: Run Common\Behavior\CheckIpbanBehavior [ RunTime:0.001000s ]
NOTIC: [2] include(./Application/Mobile/Lang/zh-cn/empty.php): failed to open stream: No such file or directory D:\phpwork\qishi\Application\Common\Behavior\CheckLangBehavior.class.php 第 90 行.
NOTIC: [2] include(): Failed opening './Application/Mobile/Lang/zh-cn/empty.php' for inclusion (include_path='.;D:/xampps/htdocs') D:\phpwork\qishi\Application\Common\Behavior\CheckLangBehavior.class.php 第 90 行.
NOTIC: [2] include(./Application/Mobile/Lang/zh-cn/empty.php): failed to open stream: No such file or directory D:\phpwork\qishi\Application\Common\Behavior\CheckLangBehavior.class.php 第 91 行.
NOTIC: [2] include(): Failed opening './Application/Mobile/Lang/zh-cn/empty.php' for inclusion (include_path='.;D:/xampps/htdocs') D:\phpwork\qishi\Application\Common\Behavior\CheckLangBehavior.class.php 第 91 行.
NOTIC: [2] array_merge(): Argument #4 is not an array D:\phpwork\qishi\Application\Common\Behavior\CheckLangBehavior.class.php 第 93 行.
INFO: Run Common\Behavior\CheckLangBehavior [ RunTime:0.002000s ]
INFO: Run Common\Behavior\CronRunBehavior [ RunTime:0.004000s ]
INFO: Run Common\Behavior\IsMobileBehavior [ RunTime:0.002000s ]
NOTIC: [8] Undefined index: Subsite D:\phpwork\qishi\Application\Common\Behavior\SubsiteBehavior.class.php 第 17 行.
INFO: Run Common\Behavior\SubsiteBehavior [ RunTime:0.000000s ]
INFO: [ app_begin ] --END-- [ RunTime:0.011000s ]
NOTIC: [8] A session had already been started - ignoring session_start() D:\phpwork\qishi\ThinkPHP\Common\functions.php 第 1275 行.
NOTIC: [2048] Declaration of Common\Controller\FrontendController::display() should be compatible with Think\Controller::display($templateFile = '', $charset = '', $contentType = '', $content = '', $prefix = '') D:\phpwork\qishi\Application\Common\Controller\FrontendController.class.php 第 9 行.
NOTIC: [8] Undefined index: Subsite D:\phpwork\qishi\Application\Common\Controller\BaseController.class.php 第 23 行.
NOTIC: [8] A session had already been started - ignoring session_start() D:\phpwork\qishi\ThinkPHP\Common\functions.php 第 1233 行.
NOTIC: [8] A session had already been started - ignoring session_start() D:\phpwork\qishi\ThinkPHP\Common\functions.php 第 1233 行.
SQL: SHOW COLUMNS FROM `qs_members` [ RunTime:0.0050s ]
SQL: SELECT * FROM `qs_members` WHERE `uid` = 1    LIMIT 1  [ RunTime:0.0010s ]
SQL: SHOW COLUMNS FROM `qs_members_info` [ RunTime:0.0050s ]
SQL: SELECT * FROM `qs_members_info` WHERE `uid` = 1    LIMIT 1  [ RunTime:0.0020s ]
NOTIC: [8] Undefined index: weixin_audit D:\phpwork\qishi\Application\Common\Controller\FrontendController.class.php 第 104 行.
NOTIC: [2] Missing argument 1 for Common\Controller\FrontendController::_msgtip(), called in D:\phpwork\qishi\Application\Common\Controller\FrontendController.class.php on line 112 and defined D:\phpwork\qishi\Application\Common\Controller\FrontendController.class.php 第 121 行.
SQL: SHOW COLUMNS FROM `qs_members_msgtip` [ RunTime:0.0040s ]
SQL: SELECT `type`,`update_time`,`unread` FROM `qs_members_msgtip` WHERE `uid` = 1    [ RunTime:0.0010s ]
NOTIC: [8] Undefined variable: unread D:\phpwork\qishi\Application\Common\Controller\FrontendController.class.php 第 124 行.
SQL: SHOW COLUMNS FROM `qs_company_statistics` [ RunTime:0.0050s ]
NOTIC: [8] Undefined index: validate D:\phpwork\qishi\ThinkPHP\Library\Think\Model.class.php 第 1236 行.
NOTIC: [8] Undefined index: auto D:\phpwork\qishi\ThinkPHP\Library\Think\Model.class.php 第 1179 行.
NOTIC: [2] Illegal offset type in isset or empty D:\phpwork\qishi\ThinkPHP\Library\Think\Model.class.php 第 251 行.
NOTIC: [2] Illegal offset type D:\phpwork\qishi\ThinkPHP\Library\Think\Model.class.php 第 252 行.
NOTIC: [8] Array to string conversion D:\phpwork\qishi\ThinkPHP\Library\Think\Model.class.php 第 726 行.
NOTIC: [2] Illegal offset type in isset or empty D:\phpwork\qishi\ThinkPHP\Library\Think\Model.class.php 第 726 行.
SQL: INSERT INTO `qs_company_statistics` (`comid`,`jobid`,`uid`,`source`,`apply`,`addtime`,`viewtime`,`id`) VALUES ('1','1','1','2','0','1497283200','1497342631','0') [ RunTime:0.0030s ]
INFO: [ app_end ] --START--
INFO: Run Behavior\ShowPageTraceBehavior [ RunTime:0.002001s ]
INFO: [ app_end ] --END-- [ RunTime:0.002001s ]

